-------------------------------------------------------------------------------
Test set: CategoriaAPI_Test
-------------------------------------------------------------------------------
Tests run: 1, Failures: 0, Errors: 1, Skipped: 0, Time elapsed: 4.685 sec <<< FAILURE!
pruebaInsertarCategoria(CategoriaAPI_Test)  Time elapsed: 4.482 sec  <<< ERROR!
javax.persistence.PersistenceException: Exception [EclipseLink-28019] (Eclipse Persistence Services - 2.6.4.v20160829-44060b6): org.eclipse.persistence.exceptions.EntityManagerSetupException
Exception Description: Deployment of PersistenceUnit [mercadeoUcabPU] failed. Close all factories for this PersistenceUnit.
Internal Exception: Exception [EclipseLink-0] (Eclipse Persistence Services - 2.6.4.v20160829-44060b6): org.eclipse.persistence.exceptions.IntegrityException
Descriptor Exceptions: 
---------------------------------------------------------

Exception [EclipseLink-48] (Eclipse Persistence Services - 2.6.4.v20160829-44060b6): org.eclipse.persistence.exceptions.DescriptorException
Exception Description: Multiple writable mappings exist for the field [hijo.Id].  Only one may be defined as writable, all others must be specified read-only.
Mapping: org.eclipse.persistence.mappings.ManyToOneMapping[_informacion]
Descriptor: RelationalDescriptor(ucab.dsw.entidades.Hijo --> [DatabaseTable(hijo)])

Exception [EclipseLink-48] (Eclipse Persistence Services - 2.6.4.v20160829-44060b6): org.eclipse.persistence.exceptions.DescriptorException
Exception Description: Multiple writable mappings exist for the field [lugar.Id].  Only one may be defined as writable, all others must be specified read-only.
Mapping: org.eclipse.persistence.mappings.ManyToOneMapping[_lugar]
Descriptor: RelationalDescriptor(ucab.dsw.entidades.Lugar --> [DatabaseTable(lugar)])

Exception [EclipseLink-48] (Eclipse Persistence Services - 2.6.4.v20160829-44060b6): org.eclipse.persistence.exceptions.DescriptorException
Exception Description: Multiple writable mappings exist for the field [preguntas_estudio.Id].  Only one may be defined as writable, all others must be specified read-only.
Mapping: org.eclipse.persistence.mappings.ManyToOneMapping[_estudio]
Descriptor: RelationalDescriptor(ucab.dsw.entidades.PreguntaEstudio --> [DatabaseTable(preguntas_estudio)])

Exception [EclipseLink-48] (Eclipse Persistence Services - 2.6.4.v20160829-44060b6): org.eclipse.persistence.exceptions.DescriptorException
Exception Description: Multiple writable mappings exist for the field [preguntas_estudio.Id].  Only one may be defined as writable, all others must be specified read-only.
Mapping: org.eclipse.persistence.mappings.ManyToOneMapping[_preguntaEncuesta]
Descriptor: RelationalDescriptor(ucab.dsw.entidades.PreguntaEstudio --> [DatabaseTable(preguntas_estudio)])

Exception [EclipseLink-48] (Eclipse Persistence Services - 2.6.4.v20160829-44060b6): org.eclipse.persistence.exceptions.DescriptorException
Exception Description: Multiple writable mappings exist for the field [historico_estado.Id].  Only one may be defined as writable, all others must be specified read-only.
Mapping: org.eclipse.persistence.mappings.ManyToOneMapping[_usuario]
Descriptor: RelationalDescriptor(ucab.dsw.entidades.HistoricoEstado --> [DatabaseTable(historico_estado)])

Exception [EclipseLink-48] (Eclipse Persistence Services - 2.6.4.v20160829-44060b6): org.eclipse.persistence.exceptions.DescriptorException
Exception Description: Multiple writable mappings exist for the field [respuesta.Id].  Only one may be defined as writable, all others must be specified read-only.
Mapping: org.eclipse.persistence.mappings.ManyToOneMapping[_preguntaEstudio]
Descriptor: RelationalDescriptor(ucab.dsw.entidades.Respuesta --> [DatabaseTable(respuesta)])

Exception [EclipseLink-48] (Eclipse Persistence Services - 2.6.4.v20160829-44060b6): org.eclipse.persistence.exceptions.DescriptorException
Exception Description: Multiple writable mappings exist for the field [respuesta.Id].  Only one may be defined as writable, all others must be specified read-only.
Mapping: org.eclipse.persistence.mappings.ManyToOneMapping[_usuario]
Descriptor: RelationalDescriptor(ucab.dsw.entidades.Respuesta --> [DatabaseTable(respuesta)])

Exception [EclipseLink-48] (Eclipse Persistence Services - 2.6.4.v20160829-44060b6): org.eclipse.persistence.exceptions.DescriptorException
Exception Description: Multiple writable mappings exist for the field [respuesta_pregunta.Id].  Only one may be defined as writable, all others must be specified read-only.
Mapping: org.eclipse.persistence.mappings.ManyToOneMapping[_preguntaEncuesta]
Descriptor: RelationalDescriptor(ucab.dsw.entidades.RespuestaPregunta --> [DatabaseTable(respuesta_pregunta)])

Exception [EclipseLink-48] (Eclipse Persistence Services - 2.6.4.v20160829-44060b6): org.eclipse.persistence.exceptions.DescriptorException
Exception Description: Multiple writable mappings exist for the field [solicitud_estudio.Id].  Only one may be defined as writable, all others must be specified read-only.
Mapping: org.eclipse.persistence.mappings.ManyToOneMapping[_nivelEconomico]
Descriptor: RelationalDescriptor(ucab.dsw.entidades.SolicitudEstudio --> [DatabaseTable(solicitud_estudio)])

Exception [EclipseLink-48] (Eclipse Persistence Services - 2.6.4.v20160829-44060b6): org.eclipse.persistence.exceptions.DescriptorException
Exception Description: Multiple writable mappings exist for the field [solicitud_estudio.Id].  Only one may be defined as writable, all others must be specified read-only.
Mapping: org.eclipse.persistence.mappings.ManyToOneMapping[_producto]
Descriptor: RelationalDescriptor(ucab.dsw.entidades.SolicitudEstudio --> [DatabaseTable(solicitud_estudio)])

Exception [EclipseLink-48] (Eclipse Persistence Services - 2.6.4.v20160829-44060b6): org.eclipse.persistence.exceptions.DescriptorException
Exception Description: Multiple writable mappings exist for the field [solicitud_estudio.Id].  Only one may be defined as writable, all others must be specified read-only.
Mapping: org.eclipse.persistence.mappings.ManyToOneMapping[_usuario]
Descriptor: RelationalDescriptor(ucab.dsw.entidades.SolicitudEstudio --> [DatabaseTable(solicitud_estudio)])

Exception [EclipseLink-48] (Eclipse Persistence Services - 2.6.4.v20160829-44060b6): org.eclipse.persistence.exceptions.DescriptorException
Exception Description: Multiple writable mappings exist for the field [presentacion.Id].  Only one may be defined as writable, all others must be specified read-only.
Mapping: org.eclipse.persistence.mappings.ManyToOneMapping[_producto]
Descriptor: RelationalDescriptor(ucab.dsw.entidades.Presentacion --> [DatabaseTable(presentacion)])

Exception [EclipseLink-48] (Eclipse Persistence Services - 2.6.4.v20160829-44060b6): org.eclipse.persistence.exceptions.DescriptorException
Exception Description: Multiple writable mappings exist for the field [medio_comunicacion.Id].  Only one may be defined as writable, all others must be specified read-only.
Mapping: org.eclipse.persistence.mappings.ManyToOneMapping[_informacion]
Descriptor: RelationalDescriptor(ucab.dsw.entidades.MedioComunicacion --> [DatabaseTable(medio_comunicacion)])

Exception [EclipseLink-48] (Eclipse Persistence Services - 2.6.4.v20160829-44060b6): org.eclipse.persistence.exceptions.DescriptorException
Exception Description: Multiple writable mappings exist for the field [medio_comunicacion.Id].  Only one may be defined as writable, all others must be specified read-only.
Mapping: org.eclipse.persistence.mappings.ManyToOneMapping[_solicitudEstudio]
Descriptor: RelationalDescriptor(ucab.dsw.entidades.MedioComunicacion --> [DatabaseTable(medio_comunicacion)])

Exception [EclipseLink-48] (Eclipse Persistence Services - 2.6.4.v20160829-44060b6): org.eclipse.persistence.exceptions.DescriptorException
Exception Description: Multiple writable mappings exist for the field [tipo.Id].  Only one may be defined as writable, all others must be specified read-only.
Mapping: org.eclipse.persistence.mappings.ManyToOneMapping[_producto]
Descriptor: RelationalDescriptor(ucab.dsw.entidades.Tipo --> [DatabaseTable(tipo)])

Exception [EclipseLink-48] (Eclipse Persistence Services - 2.6.4.v20160829-44060b6): org.eclipse.persistence.exceptions.DescriptorException
Exception Description: Multiple writable mappings exist for the field [informacion.Id].  Only one may be defined as writable, all others must be specified read-only.
Mapping: org.eclipse.persistence.mappings.ManyToOneMapping[_lugar]
Descriptor: RelationalDescriptor(ucab.dsw.entidades.Informacion --> [DatabaseTable(informacion)])

Exception [EclipseLink-48] (Eclipse Persistence Services - 2.6.4.v20160829-44060b6): org.eclipse.persistence.exceptions.DescriptorException
Exception Description: Multiple writable mappings exist for the field [informacion.Id].  Only one may be defined as writable, all others must be specified read-only.
Mapping: org.eclipse.persistence.mappings.ManyToOneMapping[_nivelAcademico]
Descriptor: RelationalDescriptor(ucab.dsw.entidades.Informacion --> [DatabaseTable(informacion)])

Exception [EclipseLink-48] (Eclipse Persistence Services - 2.6.4.v20160829-44060b6): org.eclipse.persistence.exceptions.DescriptorException
Exception Description: Multiple writable mappings exist for the field [informacion.Id].  Only one may be defined as writable, all others must be specified read-only.
Mapping: org.eclipse.persistence.mappings.ManyToOneMapping[_nivelEconomico]
Descriptor: RelationalDescriptor(ucab.dsw.entidades.Informacion --> [DatabaseTable(informacion)])

Exception [EclipseLink-48] (Eclipse Persistence Services - 2.6.4.v20160829-44060b6): org.eclipse.persistence.exceptions.DescriptorException
Exception Description: Multiple writable mappings exist for the field [informacion.Id].  Only one may be defined as writable, all others must be specified read-only.
Mapping: org.eclipse.persistence.mappings.ManyToOneMapping[_ocupacion]
Descriptor: RelationalDescriptor(ucab.dsw.entidades.Informacion --> [DatabaseTable(informacion)])

Exception [EclipseLink-48] (Eclipse Persistence Services - 2.6.4.v20160829-44060b6): org.eclipse.persistence.exceptions.DescriptorException
Exception Description: Multiple writable mappings exist for the field [pregunta_encuesta.Id].  Only one may be defined as writable, all others must be specified read-only.
Mapping: org.eclipse.persistence.mappings.ManyToOneMapping[_subcategoria]
Descriptor: RelationalDescriptor(ucab.dsw.entidades.PreguntaEncuesta --> [DatabaseTable(pregunta_encuesta)])

Exception [EclipseLink-48] (Eclipse Persistence Services - 2.6.4.v20160829-44060b6): org.eclipse.persistence.exceptions.DescriptorException
Exception Description: Multiple writable mappings exist for the field [pregunta_encuesta.Id].  Only one may be defined as writable, all others must be specified read-only.
Mapping: org.eclipse.persistence.mappings.ManyToOneMapping[_usuario]
Descriptor: RelationalDescriptor(ucab.dsw.entidades.PreguntaEncuesta --> [DatabaseTable(pregunta_encuesta)])

Exception [EclipseLink-48] (Eclipse Persistence Services - 2.6.4.v20160829-44060b6): org.eclipse.persistence.exceptions.DescriptorException
Exception Description: Multiple writable mappings exist for the field [estudio.Id].  Only one may be defined as writable, all others must be specified read-only.
Mapping: org.eclipse.persistence.mappings.ManyToOneMapping[_solicitudEstudio]
Descriptor: RelationalDescriptor(ucab.dsw.entidades.Estudio --> [DatabaseTable(estudio)])

Exception [EclipseLink-48] (Eclipse Persistence Services - 2.6.4.v20160829-44060b6): org.eclipse.persistence.exceptions.DescriptorException
Exception Description: Multiple writable mappings exist for the field [estudio.Id].  Only one may be defined as writable, all others must be specified read-only.
Mapping: org.eclipse.persistence.mappings.ManyToOneMapping[_usuario]
Descriptor: RelationalDescriptor(ucab.dsw.entidades.Estudio --> [DatabaseTable(estudio)])

Exception [EclipseLink-48] (Eclipse Persistence Services - 2.6.4.v20160829-44060b6): org.eclipse.persistence.exceptions.DescriptorException
Exception Description: Multiple writable mappings exist for the field [telefono.Id].  Only one may be defined as writable, all others must be specified read-only.
Mapping: org.eclipse.persistence.mappings.ManyToOneMapping[_informacion]
Descriptor: RelationalDescriptor(ucab.dsw.entidades.Telefono --> [DatabaseTable(telefono)])

Exception [EclipseLink-48] (Eclipse Persistence Services - 2.6.4.v20160829-44060b6): org.eclipse.persistence.exceptions.DescriptorException
Exception Description: Multiple writable mappings exist for the field [subcategoria.Id].  Only one may be defined as writable, all others must be specified read-only.
Mapping: org.eclipse.persistence.mappings.ManyToOneMapping[_categoria]
Descriptor: RelationalDescriptor(ucab.dsw.entidades.Subcategoria --> [DatabaseTable(subcategoria)])

Exception [EclipseLink-48] (Eclipse Persistence Services - 2.6.4.v20160829-44060b6): org.eclipse.persistence.exceptions.DescriptorException
Exception Description: Multiple writable mappings exist for the field [producto.Id].  Only one may be defined as writable, all others must be specified read-only.
Mapping: org.eclipse.persistence.mappings.ManyToOneMapping[_marca]
Descriptor: RelationalDescriptor(ucab.dsw.entidades.Producto --> [DatabaseTable(producto)])

Exception [EclipseLink-48] (Eclipse Persistence Services - 2.6.4.v20160829-44060b6): org.eclipse.persistence.exceptions.DescriptorException
Exception Description: Multiple writable mappings exist for the field [producto.Id].  Only one may be defined as writable, all others must be specified read-only.
Mapping: org.eclipse.persistence.mappings.ManyToOneMapping[_subcategoria]
Descriptor: RelationalDescriptor(ucab.dsw.entidades.Producto --> [DatabaseTable(producto)])

Exception [EclipseLink-48] (Eclipse Persistence Services - 2.6.4.v20160829-44060b6): org.eclipse.persistence.exceptions.DescriptorException
Exception Description: Multiple writable mappings exist for the field [producto.Id].  Only one may be defined as writable, all others must be specified read-only.
Mapping: org.eclipse.persistence.mappings.ManyToOneMapping[_usuario]
Descriptor: RelationalDescriptor(ucab.dsw.entidades.Producto --> [DatabaseTable(producto)])

Exception [EclipseLink-48] (Eclipse Persistence Services - 2.6.4.v20160829-44060b6): org.eclipse.persistence.exceptions.DescriptorException
Exception Description: Multiple writable mappings exist for the field [usuario.Id].  Only one may be defined as writable, all others must be specified read-only.
Mapping: org.eclipse.persistence.mappings.ManyToOneMapping[_rol]
Descriptor: RelationalDescriptor(ucab.dsw.entidades.Usuario --> [DatabaseTable(usuario)])

Exception [EclipseLink-48] (Eclipse Persistence Services - 2.6.4.v20160829-44060b6): org.eclipse.persistence.exceptions.DescriptorException
Exception Description: Multiple writable mappings exist for the field [usuario.Id].  Only one may be defined as writable, all others must be specified read-only.
Mapping: org.eclipse.persistence.mappings.OneToOneMapping[_informacion]
Descriptor: RelationalDescriptor(ucab.dsw.entidades.Usuario --> [DatabaseTable(usuario)])

Runtime Exceptions: 
---------------------------------------------------------

	at org.eclipse.persistence.internal.jpa.EntityManagerSetupImpl.createDeployFailedPersistenceException(EntityManagerSetupImpl.java:869)
	at org.eclipse.persistence.internal.jpa.EntityManagerSetupImpl.deploy(EntityManagerSetupImpl.java:809)
	at org.eclipse.persistence.internal.jpa.EntityManagerFactoryDelegate.getAbstractSession(EntityManagerFactoryDelegate.java:205)
	at org.eclipse.persistence.internal.jpa.EntityManagerFactoryDelegate.createEntityManagerImpl(EntityManagerFactoryDelegate.java:305)
	at org.eclipse.persistence.internal.jpa.EntityManagerFactoryImpl.createEntityManagerImpl(EntityManagerFactoryImpl.java:337)
	at org.eclipse.persistence.internal.jpa.EntityManagerFactoryImpl.createEntityManager(EntityManagerFactoryImpl.java:303)
	at ucab.dsw.accesodatos.DaoHandler.getSession(DaoHandler.java:52)
	at ucab.dsw.accesodatos.Dao.insert(Dao.java:33)
	at CategoriaAPI_Test.pruebaInsertarCategoria(CategoriaAPI_Test.java:24)
	at sun.reflect.NativeMethodAccessorImpl.invoke0(Native Method)
	at sun.reflect.NativeMethodAccessorImpl.invoke(NativeMethodAccessorImpl.java:62)
	at sun.reflect.DelegatingMethodAccessorImpl.invoke(DelegatingMethodAccessorImpl.java:43)
	at java.lang.reflect.Method.invoke(Method.java:498)
	at org.junit.runners.model.FrameworkMethod$1.runReflectiveCall(FrameworkMethod.java:59)
	at org.junit.internal.runners.model.ReflectiveCallable.run(ReflectiveCallable.java:12)
	at org.junit.runners.model.FrameworkMethod.invokeExplosively(FrameworkMethod.java:56)
	at org.junit.internal.runners.statements.InvokeMethod.evaluate(InvokeMethod.java:17)
	at org.junit.runners.ParentRunner$3.evaluate(ParentRunner.java:305)
	at org.junit.runners.BlockJUnit4ClassRunner$1.evaluate(BlockJUnit4ClassRunner.java:100)
	at org.junit.runners.ParentRunner.runLeaf(ParentRunner.java:365)
	at org.junit.runners.BlockJUnit4ClassRunner.runChild(BlockJUnit4ClassRunner.java:103)
	at org.junit.runners.BlockJUnit4ClassRunner.runChild(BlockJUnit4ClassRunner.java:63)
	at org.junit.runners.ParentRunner$4.run(ParentRunner.java:330)
	at org.junit.runners.ParentRunner$1.schedule(ParentRunner.java:78)
	at org.junit.runners.ParentRunner.runChildren(ParentRunner.java:328)
	at org.junit.runners.ParentRunner.access$100(ParentRunner.java:65)
	at org.junit.runners.ParentRunner$2.evaluate(ParentRunner.java:292)
	at org.junit.runners.ParentRunner$3.evaluate(ParentRunner.java:305)
	at org.junit.runners.ParentRunner.run(ParentRunner.java:412)
	at org.apache.maven.surefire.junit4.JUnit4Provider.execute(JUnit4Provider.java:252)
	at org.apache.maven.surefire.junit4.JUnit4Provider.executeTestSet(JUnit4Provider.java:141)
	at org.apache.maven.surefire.junit4.JUnit4Provider.invoke(JUnit4Provider.java:112)
	at sun.reflect.NativeMethodAccessorImpl.invoke0(Native Method)
	at sun.reflect.NativeMethodAccessorImpl.invoke(NativeMethodAccessorImpl.java:62)
	at sun.reflect.DelegatingMethodAccessorImpl.invoke(DelegatingMethodAccessorImpl.java:43)
	at java.lang.reflect.Method.invoke(Method.java:498)
	at org.apache.maven.surefire.util.ReflectionUtils.invokeMethodWithArray(ReflectionUtils.java:189)
	at org.apache.maven.surefire.booter.ProviderFactory$ProviderProxy.invoke(ProviderFactory.java:165)
	at org.apache.maven.surefire.booter.ProviderFactory.invokeProvider(ProviderFactory.java:85)
	at org.apache.maven.surefire.booter.ForkedBooter.runSuitesInProcess(ForkedBooter.java:115)
	at org.apache.maven.surefire.booter.ForkedBooter.main(ForkedBooter.java:75)
Caused by: Exception [EclipseLink-28019] (Eclipse Persistence Services - 2.6.4.v20160829-44060b6): org.eclipse.persistence.exceptions.EntityManagerSetupException
Exception Description: Deployment of PersistenceUnit [mercadeoUcabPU] failed. Close all factories for this PersistenceUnit.
Internal Exception: Exception [EclipseLink-0] (Eclipse Persistence Services - 2.6.4.v20160829-44060b6): org.eclipse.persistence.exceptions.IntegrityException
Descriptor Exceptions: 
---------------------------------------------------------

Exception [EclipseLink-48] (Eclipse Persistence Services - 2.6.4.v20160829-44060b6): org.eclipse.persistence.exceptions.DescriptorException
Exception Description: Multiple writable mappings exist for the field [hijo.Id].  Only one may be defined as writable, all others must be specified read-only.
Mapping: org.eclipse.persistence.mappings.ManyToOneMapping[_informacion]
Descriptor: RelationalDescriptor(ucab.dsw.entidades.Hijo --> [DatabaseTable(hijo)])

Exception [EclipseLink-48] (Eclipse Persistence Services - 2.6.4.v20160829-44060b6): org.eclipse.persistence.exceptions.DescriptorException
Exception Description: Multiple writable mappings exist for the field [lugar.Id].  Only one may be defined as writable, all others must be specified read-only.
Mapping: org.eclipse.persistence.mappings.ManyToOneMapping[_lugar]
Descriptor: RelationalDescriptor(ucab.dsw.entidades.Lugar --> [DatabaseTable(lugar)])

Exception [EclipseLink-48] (Eclipse Persistence Services - 2.6.4.v20160829-44060b6): org.eclipse.persistence.exceptions.DescriptorException
Exception Description: Multiple writable mappings exist for the field [preguntas_estudio.Id].  Only one may be defined as writable, all others must be specified read-only.
Mapping: org.eclipse.persistence.mappings.ManyToOneMapping[_estudio]
Descriptor: RelationalDescriptor(ucab.dsw.entidades.PreguntaEstudio --> [DatabaseTable(preguntas_estudio)])

Exception [EclipseLink-48] (Eclipse Persistence Services - 2.6.4.v20160829-44060b6): org.eclipse.persistence.exceptions.DescriptorException
Exception Description: Multiple writable mappings exist for the field [preguntas_estudio.Id].  Only one may be defined as writable, all others must be specified read-only.
Mapping: org.eclipse.persistence.mappings.ManyToOneMapping[_preguntaEncuesta]
Descriptor: RelationalDescriptor(ucab.dsw.entidades.PreguntaEstudio --> [DatabaseTable(preguntas_estudio)])

Exception [EclipseLink-48] (Eclipse Persistence Services - 2.6.4.v20160829-44060b6): org.eclipse.persistence.exceptions.DescriptorException
Exception Description: Multiple writable mappings exist for the field [historico_estado.Id].  Only one may be defined as writable, all others must be specified read-only.
Mapping: org.eclipse.persistence.mappings.ManyToOneMapping[_usuario]
Descriptor: RelationalDescriptor(ucab.dsw.entidades.HistoricoEstado --> [DatabaseTable(historico_estado)])

Exception [EclipseLink-48] (Eclipse Persistence Services - 2.6.4.v20160829-44060b6): org.eclipse.persistence.exceptions.DescriptorException
Exception Description: Multiple writable mappings exist for the field [respuesta.Id].  Only one may be defined as writable, all others must be specified read-only.
Mapping: org.eclipse.persistence.mappings.ManyToOneMapping[_preguntaEstudio]
Descriptor: RelationalDescriptor(ucab.dsw.entidades.Respuesta --> [DatabaseTable(respuesta)])

Exception [EclipseLink-48] (Eclipse Persistence Services - 2.6.4.v20160829-44060b6): org.eclipse.persistence.exceptions.DescriptorException
Exception Description: Multiple writable mappings exist for the field [respuesta.Id].  Only one may be defined as writable, all others must be specified read-only.
Mapping: org.eclipse.persistence.mappings.ManyToOneMapping[_usuario]
Descriptor: RelationalDescriptor(ucab.dsw.entidades.Respuesta --> [DatabaseTable(respuesta)])

Exception [EclipseLink-48] (Eclipse Persistence Services - 2.6.4.v20160829-44060b6): org.eclipse.persistence.exceptions.DescriptorException
Exception Description: Multiple writable mappings exist for the field [respuesta_pregunta.Id].  Only one may be defined as writable, all others must be specified read-only.
Mapping: org.eclipse.persistence.mappings.ManyToOneMapping[_preguntaEncuesta]
Descriptor: RelationalDescriptor(ucab.dsw.entidades.RespuestaPregunta --> [DatabaseTable(respuesta_pregunta)])

Exception [EclipseLink-48] (Eclipse Persistence Services - 2.6.4.v20160829-44060b6): org.eclipse.persistence.exceptions.DescriptorException
Exception Description: Multiple writable mappings exist for the field [solicitud_estudio.Id].  Only one may be defined as writable, all others must be specified read-only.
Mapping: org.eclipse.persistence.mappings.ManyToOneMapping[_nivelEconomico]
Descriptor: RelationalDescriptor(ucab.dsw.entidades.SolicitudEstudio --> [DatabaseTable(solicitud_estudio)])

Exception [EclipseLink-48] (Eclipse Persistence Services - 2.6.4.v20160829-44060b6): org.eclipse.persistence.exceptions.DescriptorException
Exception Description: Multiple writable mappings exist for the field [solicitud_estudio.Id].  Only one may be defined as writable, all others must be specified read-only.
Mapping: org.eclipse.persistence.mappings.ManyToOneMapping[_producto]
Descriptor: RelationalDescriptor(ucab.dsw.entidades.SolicitudEstudio --> [DatabaseTable(solicitud_estudio)])

Exception [EclipseLink-48] (Eclipse Persistence Services - 2.6.4.v20160829-44060b6): org.eclipse.persistence.exceptions.DescriptorException
Exception Description: Multiple writable mappings exist for the field [solicitud_estudio.Id].  Only one may be defined as writable, all others must be specified read-only.
Mapping: org.eclipse.persistence.mappings.ManyToOneMapping[_usuario]
Descriptor: RelationalDescriptor(ucab.dsw.entidades.SolicitudEstudio --> [DatabaseTable(solicitud_estudio)])

Exception [EclipseLink-48] (Eclipse Persistence Services - 2.6.4.v20160829-44060b6): org.eclipse.persistence.exceptions.DescriptorException
Exception Description: Multiple writable mappings exist for the field [presentacion.Id].  Only one may be defined as writable, all others must be specified read-only.
Mapping: org.eclipse.persistence.mappings.ManyToOneMapping[_producto]
Descriptor: RelationalDescriptor(ucab.dsw.entidades.Presentacion --> [DatabaseTable(presentacion)])

Exception [EclipseLink-48] (Eclipse Persistence Services - 2.6.4.v20160829-44060b6): org.eclipse.persistence.exceptions.DescriptorException
Exception Description: Multiple writable mappings exist for the field [medio_comunicacion.Id].  Only one may be defined as writable, all others must be specified read-only.
Mapping: org.eclipse.persistence.mappings.ManyToOneMapping[_informacion]
Descriptor: RelationalDescriptor(ucab.dsw.entidades.MedioComunicacion --> [DatabaseTable(medio_comunicacion)])

Exception [EclipseLink-48] (Eclipse Persistence Services - 2.6.4.v20160829-44060b6): org.eclipse.persistence.exceptions.DescriptorException
Exception Description: Multiple writable mappings exist for the field [medio_comunicacion.Id].  Only one may be defined as writable, all others must be specified read-only.
Mapping: org.eclipse.persistence.mappings.ManyToOneMapping[_solicitudEstudio]
Descriptor: RelationalDescriptor(ucab.dsw.entidades.MedioComunicacion --> [DatabaseTable(medio_comunicacion)])

Exception [EclipseLink-48] (Eclipse Persistence Services - 2.6.4.v20160829-44060b6): org.eclipse.persistence.exceptions.DescriptorException
Exception Description: Multiple writable mappings exist for the field [tipo.Id].  Only one may be defined as writable, all others must be specified read-only.
Mapping: org.eclipse.persistence.mappings.ManyToOneMapping[_producto]
Descriptor: RelationalDescriptor(ucab.dsw.entidades.Tipo --> [DatabaseTable(tipo)])

Exception [EclipseLink-48] (Eclipse Persistence Services - 2.6.4.v20160829-44060b6): org.eclipse.persistence.exceptions.DescriptorException
Exception Description: Multiple writable mappings exist for the field [informacion.Id].  Only one may be defined as writable, all others must be specified read-only.
Mapping: org.eclipse.persistence.mappings.ManyToOneMapping[_lugar]
Descriptor: RelationalDescriptor(ucab.dsw.entidades.Informacion --> [DatabaseTable(informacion)])

Exception [EclipseLink-48] (Eclipse Persistence Services - 2.6.4.v20160829-44060b6): org.eclipse.persistence.exceptions.DescriptorException
Exception Description: Multiple writable mappings exist for the field [informacion.Id].  Only one may be defined as writable, all others must be specified read-only.
Mapping: org.eclipse.persistence.mappings.ManyToOneMapping[_nivelAcademico]
Descriptor: RelationalDescriptor(ucab.dsw.entidades.Informacion --> [DatabaseTable(informacion)])

Exception [EclipseLink-48] (Eclipse Persistence Services - 2.6.4.v20160829-44060b6): org.eclipse.persistence.exceptions.DescriptorException
Exception Description: Multiple writable mappings exist for the field [informacion.Id].  Only one may be defined as writable, all others must be specified read-only.
Mapping: org.eclipse.persistence.mappings.ManyToOneMapping[_nivelEconomico]
Descriptor: RelationalDescriptor(ucab.dsw.entidades.Informacion --> [DatabaseTable(informacion)])

Exception [EclipseLink-48] (Eclipse Persistence Services - 2.6.4.v20160829-44060b6): org.eclipse.persistence.exceptions.DescriptorException
Exception Description: Multiple writable mappings exist for the field [informacion.Id].  Only one may be defined as writable, all others must be specified read-only.
Mapping: org.eclipse.persistence.mappings.ManyToOneMapping[_ocupacion]
Descriptor: RelationalDescriptor(ucab.dsw.entidades.Informacion --> [DatabaseTable(informacion)])

Exception [EclipseLink-48] (Eclipse Persistence Services - 2.6.4.v20160829-44060b6): org.eclipse.persistence.exceptions.DescriptorException
Exception Description: Multiple writable mappings exist for the field [pregunta_encuesta.Id].  Only one may be defined as writable, all others must be specified read-only.
Mapping: org.eclipse.persistence.mappings.ManyToOneMapping[_subcategoria]
Descriptor: RelationalDescriptor(ucab.dsw.entidades.PreguntaEncuesta --> [DatabaseTable(pregunta_encuesta)])

Exception [EclipseLink-48] (Eclipse Persistence Services - 2.6.4.v20160829-44060b6): org.eclipse.persistence.exceptions.DescriptorException
Exception Description: Multiple writable mappings exist for the field [pregunta_encuesta.Id].  Only one may be defined as writable, all others must be specified read-only.
Mapping: org.eclipse.persistence.mappings.ManyToOneMapping[_usuario]
Descriptor: RelationalDescriptor(ucab.dsw.entidades.PreguntaEncuesta --> [DatabaseTable(pregunta_encuesta)])

Exception [EclipseLink-48] (Eclipse Persistence Services - 2.6.4.v20160829-44060b6): org.eclipse.persistence.exceptions.DescriptorException
Exception Description: Multiple writable mappings exist for the field [estudio.Id].  Only one may be defined as writable, all others must be specified read-only.
Mapping: org.eclipse.persistence.mappings.ManyToOneMapping[_solicitudEstudio]
Descriptor: RelationalDescriptor(ucab.dsw.entidades.Estudio --> [DatabaseTable(estudio)])

Exception [EclipseLink-48] (Eclipse Persistence Services - 2.6.4.v20160829-44060b6): org.eclipse.persistence.exceptions.DescriptorException
Exception Description: Multiple writable mappings exist for the field [estudio.Id].  Only one may be defined as writable, all others must be specified read-only.
Mapping: org.eclipse.persistence.mappings.ManyToOneMapping[_usuario]
Descriptor: RelationalDescriptor(ucab.dsw.entidades.Estudio --> [DatabaseTable(estudio)])

Exception [EclipseLink-48] (Eclipse Persistence Services - 2.6.4.v20160829-44060b6): org.eclipse.persistence.exceptions.DescriptorException
Exception Description: Multiple writable mappings exist for the field [telefono.Id].  Only one may be defined as writable, all others must be specified read-only.
Mapping: org.eclipse.persistence.mappings.ManyToOneMapping[_informacion]
Descriptor: RelationalDescriptor(ucab.dsw.entidades.Telefono --> [DatabaseTable(telefono)])

Exception [EclipseLink-48] (Eclipse Persistence Services - 2.6.4.v20160829-44060b6): org.eclipse.persistence.exceptions.DescriptorException
Exception Description: Multiple writable mappings exist for the field [subcategoria.Id].  Only one may be defined as writable, all others must be specified read-only.
Mapping: org.eclipse.persistence.mappings.ManyToOneMapping[_categoria]
Descriptor: RelationalDescriptor(ucab.dsw.entidades.Subcategoria --> [DatabaseTable(subcategoria)])

Exception [EclipseLink-48] (Eclipse Persistence Services - 2.6.4.v20160829-44060b6): org.eclipse.persistence.exceptions.DescriptorException
Exception Description: Multiple writable mappings exist for the field [producto.Id].  Only one may be defined as writable, all others must be specified read-only.
Mapping: org.eclipse.persistence.mappings.ManyToOneMapping[_marca]
Descriptor: RelationalDescriptor(ucab.dsw.entidades.Producto --> [DatabaseTable(producto)])

Exception [EclipseLink-48] (Eclipse Persistence Services - 2.6.4.v20160829-44060b6): org.eclipse.persistence.exceptions.DescriptorException
Exception Description: Multiple writable mappings exist for the field [producto.Id].  Only one may be defined as writable, all others must be specified read-only.
Mapping: org.eclipse.persistence.mappings.ManyToOneMapping[_subcategoria]
Descriptor: RelationalDescriptor(ucab.dsw.entidades.Producto --> [DatabaseTable(producto)])

Exception [EclipseLink-48] (Eclipse Persistence Services - 2.6.4.v20160829-44060b6): org.eclipse.persistence.exceptions.DescriptorException
Exception Description: Multiple writable mappings exist for the field [producto.Id].  Only one may be defined as writable, all others must be specified read-only.
Mapping: org.eclipse.persistence.mappings.ManyToOneMapping[_usuario]
Descriptor: RelationalDescriptor(ucab.dsw.entidades.Producto --> [DatabaseTable(producto)])

Exception [EclipseLink-48] (Eclipse Persistence Services - 2.6.4.v20160829-44060b6): org.eclipse.persistence.exceptions.DescriptorException
Exception Description: Multiple writable mappings exist for the field [usuario.Id].  Only one may be defined as writable, all others must be specified read-only.
Mapping: org.eclipse.persistence.mappings.ManyToOneMapping[_rol]
Descriptor: RelationalDescriptor(ucab.dsw.entidades.Usuario --> [DatabaseTable(usuario)])

Exception [EclipseLink-48] (Eclipse Persistence Services - 2.6.4.v20160829-44060b6): org.eclipse.persistence.exceptions.DescriptorException
Exception Description: Multiple writable mappings exist for the field [usuario.Id].  Only one may be defined as writable, all others must be specified read-only.
Mapping: org.eclipse.persistence.mappings.OneToOneMapping[_informacion]
Descriptor: RelationalDescriptor(ucab.dsw.entidades.Usuario --> [DatabaseTable(usuario)])

Runtime Exceptions: 
---------------------------------------------------------

	at org.eclipse.persistence.exceptions.EntityManagerSetupException.deployFailed(EntityManagerSetupException.java:239)
	... 41 more
Caused by: Exception [EclipseLink-0] (Eclipse Persistence Services - 2.6.4.v20160829-44060b6): org.eclipse.persistence.exceptions.IntegrityException
Descriptor Exceptions: 
---------------------------------------------------------

Exception [EclipseLink-48] (Eclipse Persistence Services - 2.6.4.v20160829-44060b6): org.eclipse.persistence.exceptions.DescriptorException
Exception Description: Multiple writable mappings exist for the field [hijo.Id].  Only one may be defined as writable, all others must be specified read-only.
Mapping: org.eclipse.persistence.mappings.ManyToOneMapping[_informacion]
Descriptor: RelationalDescriptor(ucab.dsw.entidades.Hijo --> [DatabaseTable(hijo)])

Exception [EclipseLink-48] (Eclipse Persistence Services - 2.6.4.v20160829-44060b6): org.eclipse.persistence.exceptions.DescriptorException
Exception Description: Multiple writable mappings exist for the field [lugar.Id].  Only one may be defined as writable, all others must be specified read-only.
Mapping: org.eclipse.persistence.mappings.ManyToOneMapping[_lugar]
Descriptor: RelationalDescriptor(ucab.dsw.entidades.Lugar --> [DatabaseTable(lugar)])

Exception [EclipseLink-48] (Eclipse Persistence Services - 2.6.4.v20160829-44060b6): org.eclipse.persistence.exceptions.DescriptorException
Exception Description: Multiple writable mappings exist for the field [preguntas_estudio.Id].  Only one may be defined as writable, all others must be specified read-only.
Mapping: org.eclipse.persistence.mappings.ManyToOneMapping[_estudio]
Descriptor: RelationalDescriptor(ucab.dsw.entidades.PreguntaEstudio --> [DatabaseTable(preguntas_estudio)])

Exception [EclipseLink-48] (Eclipse Persistence Services - 2.6.4.v20160829-44060b6): org.eclipse.persistence.exceptions.DescriptorException
Exception Description: Multiple writable mappings exist for the field [preguntas_estudio.Id].  Only one may be defined as writable, all others must be specified read-only.
Mapping: org.eclipse.persistence.mappings.ManyToOneMapping[_preguntaEncuesta]
Descriptor: RelationalDescriptor(ucab.dsw.entidades.PreguntaEstudio --> [DatabaseTable(preguntas_estudio)])

Exception [EclipseLink-48] (Eclipse Persistence Services - 2.6.4.v20160829-44060b6): org.eclipse.persistence.exceptions.DescriptorException
Exception Description: Multiple writable mappings exist for the field [historico_estado.Id].  Only one may be defined as writable, all others must be specified read-only.
Mapping: org.eclipse.persistence.mappings.ManyToOneMapping[_usuario]
Descriptor: RelationalDescriptor(ucab.dsw.entidades.HistoricoEstado --> [DatabaseTable(historico_estado)])

Exception [EclipseLink-48] (Eclipse Persistence Services - 2.6.4.v20160829-44060b6): org.eclipse.persistence.exceptions.DescriptorException
Exception Description: Multiple writable mappings exist for the field [respuesta.Id].  Only one may be defined as writable, all others must be specified read-only.
Mapping: org.eclipse.persistence.mappings.ManyToOneMapping[_preguntaEstudio]
Descriptor: RelationalDescriptor(ucab.dsw.entidades.Respuesta --> [DatabaseTable(respuesta)])

Exception [EclipseLink-48] (Eclipse Persistence Services - 2.6.4.v20160829-44060b6): org.eclipse.persistence.exceptions.DescriptorException
Exception Description: Multiple writable mappings exist for the field [respuesta.Id].  Only one may be defined as writable, all others must be specified read-only.
Mapping: org.eclipse.persistence.mappings.ManyToOneMapping[_usuario]
Descriptor: RelationalDescriptor(ucab.dsw.entidades.Respuesta --> [DatabaseTable(respuesta)])

Exception [EclipseLink-48] (Eclipse Persistence Services - 2.6.4.v20160829-44060b6): org.eclipse.persistence.exceptions.DescriptorException
Exception Description: Multiple writable mappings exist for the field [respuesta_pregunta.Id].  Only one may be defined as writable, all others must be specified read-only.
Mapping: org.eclipse.persistence.mappings.ManyToOneMapping[_preguntaEncuesta]
Descriptor: RelationalDescriptor(ucab.dsw.entidades.RespuestaPregunta --> [DatabaseTable(respuesta_pregunta)])

Exception [EclipseLink-48] (Eclipse Persistence Services - 2.6.4.v20160829-44060b6): org.eclipse.persistence.exceptions.DescriptorException
Exception Description: Multiple writable mappings exist for the field [solicitud_estudio.Id].  Only one may be defined as writable, all others must be specified read-only.
Mapping: org.eclipse.persistence.mappings.ManyToOneMapping[_nivelEconomico]
Descriptor: RelationalDescriptor(ucab.dsw.entidades.SolicitudEstudio --> [DatabaseTable(solicitud_estudio)])

Exception [EclipseLink-48] (Eclipse Persistence Services - 2.6.4.v20160829-44060b6): org.eclipse.persistence.exceptions.DescriptorException
Exception Description: Multiple writable mappings exist for the field [solicitud_estudio.Id].  Only one may be defined as writable, all others must be specified read-only.
Mapping: org.eclipse.persistence.mappings.ManyToOneMapping[_producto]
Descriptor: RelationalDescriptor(ucab.dsw.entidades.SolicitudEstudio --> [DatabaseTable(solicitud_estudio)])

Exception [EclipseLink-48] (Eclipse Persistence Services - 2.6.4.v20160829-44060b6): org.eclipse.persistence.exceptions.DescriptorException
Exception Description: Multiple writable mappings exist for the field [solicitud_estudio.Id].  Only one may be defined as writable, all others must be specified read-only.
Mapping: org.eclipse.persistence.mappings.ManyToOneMapping[_usuario]
Descriptor: RelationalDescriptor(ucab.dsw.entidades.SolicitudEstudio --> [DatabaseTable(solicitud_estudio)])

Exception [EclipseLink-48] (Eclipse Persistence Services - 2.6.4.v20160829-44060b6): org.eclipse.persistence.exceptions.DescriptorException
Exception Description: Multiple writable mappings exist for the field [presentacion.Id].  Only one may be defined as writable, all others must be specified read-only.
Mapping: org.eclipse.persistence.mappings.ManyToOneMapping[_producto]
Descriptor: RelationalDescriptor(ucab.dsw.entidades.Presentacion --> [DatabaseTable(presentacion)])

Exception [EclipseLink-48] (Eclipse Persistence Services - 2.6.4.v20160829-44060b6): org.eclipse.persistence.exceptions.DescriptorException
Exception Description: Multiple writable mappings exist for the field [medio_comunicacion.Id].  Only one may be defined as writable, all others must be specified read-only.
Mapping: org.eclipse.persistence.mappings.ManyToOneMapping[_informacion]
Descriptor: RelationalDescriptor(ucab.dsw.entidades.MedioComunicacion --> [DatabaseTable(medio_comunicacion)])

Exception [EclipseLink-48] (Eclipse Persistence Services - 2.6.4.v20160829-44060b6): org.eclipse.persistence.exceptions.DescriptorException
Exception Description: Multiple writable mappings exist for the field [medio_comunicacion.Id].  Only one may be defined as writable, all others must be specified read-only.
Mapping: org.eclipse.persistence.mappings.ManyToOneMapping[_solicitudEstudio]
Descriptor: RelationalDescriptor(ucab.dsw.entidades.MedioComunicacion --> [DatabaseTable(medio_comunicacion)])

Exception [EclipseLink-48] (Eclipse Persistence Services - 2.6.4.v20160829-44060b6): org.eclipse.persistence.exceptions.DescriptorException
Exception Description: Multiple writable mappings exist for the field [tipo.Id].  Only one may be defined as writable, all others must be specified read-only.
Mapping: org.eclipse.persistence.mappings.ManyToOneMapping[_producto]
Descriptor: RelationalDescriptor(ucab.dsw.entidades.Tipo --> [DatabaseTable(tipo)])

Exception [EclipseLink-48] (Eclipse Persistence Services - 2.6.4.v20160829-44060b6): org.eclipse.persistence.exceptions.DescriptorException
Exception Description: Multiple writable mappings exist for the field [informacion.Id].  Only one may be defined as writable, all others must be specified read-only.
Mapping: org.eclipse.persistence.mappings.ManyToOneMapping[_lugar]
Descriptor: RelationalDescriptor(ucab.dsw.entidades.Informacion --> [DatabaseTable(informacion)])

Exception [EclipseLink-48] (Eclipse Persistence Services - 2.6.4.v20160829-44060b6): org.eclipse.persistence.exceptions.DescriptorException
Exception Description: Multiple writable mappings exist for the field [informacion.Id].  Only one may be defined as writable, all others must be specified read-only.
Mapping: org.eclipse.persistence.mappings.ManyToOneMapping[_nivelAcademico]
Descriptor: RelationalDescriptor(ucab.dsw.entidades.Informacion --> [DatabaseTable(informacion)])

Exception [EclipseLink-48] (Eclipse Persistence Services - 2.6.4.v20160829-44060b6): org.eclipse.persistence.exceptions.DescriptorException
Exception Description: Multiple writable mappings exist for the field [informacion.Id].  Only one may be defined as writable, all others must be specified read-only.
Mapping: org.eclipse.persistence.mappings.ManyToOneMapping[_nivelEconomico]
Descriptor: RelationalDescriptor(ucab.dsw.entidades.Informacion --> [DatabaseTable(informacion)])

Exception [EclipseLink-48] (Eclipse Persistence Services - 2.6.4.v20160829-44060b6): org.eclipse.persistence.exceptions.DescriptorException
Exception Description: Multiple writable mappings exist for the field [informacion.Id].  Only one may be defined as writable, all others must be specified read-only.
Mapping: org.eclipse.persistence.mappings.ManyToOneMapping[_ocupacion]
Descriptor: RelationalDescriptor(ucab.dsw.entidades.Informacion --> [DatabaseTable(informacion)])

Exception [EclipseLink-48] (Eclipse Persistence Services - 2.6.4.v20160829-44060b6): org.eclipse.persistence.exceptions.DescriptorException
Exception Description: Multiple writable mappings exist for the field [pregunta_encuesta.Id].  Only one may be defined as writable, all others must be specified read-only.
Mapping: org.eclipse.persistence.mappings.ManyToOneMapping[_subcategoria]
Descriptor: RelationalDescriptor(ucab.dsw.entidades.PreguntaEncuesta --> [DatabaseTable(pregunta_encuesta)])

Exception [EclipseLink-48] (Eclipse Persistence Services - 2.6.4.v20160829-44060b6): org.eclipse.persistence.exceptions.DescriptorException
Exception Description: Multiple writable mappings exist for the field [pregunta_encuesta.Id].  Only one may be defined as writable, all others must be specified read-only.
Mapping: org.eclipse.persistence.mappings.ManyToOneMapping[_usuario]
Descriptor: RelationalDescriptor(ucab.dsw.entidades.PreguntaEncuesta --> [DatabaseTable(pregunta_encuesta)])

Exception [EclipseLink-48] (Eclipse Persistence Services - 2.6.4.v20160829-44060b6): org.eclipse.persistence.exceptions.DescriptorException
Exception Description: Multiple writable mappings exist for the field [estudio.Id].  Only one may be defined as writable, all others must be specified read-only.
Mapping: org.eclipse.persistence.mappings.ManyToOneMapping[_solicitudEstudio]
Descriptor: RelationalDescriptor(ucab.dsw.entidades.Estudio --> [DatabaseTable(estudio)])

Exception [EclipseLink-48] (Eclipse Persistence Services - 2.6.4.v20160829-44060b6): org.eclipse.persistence.exceptions.DescriptorException
Exception Description: Multiple writable mappings exist for the field [estudio.Id].  Only one may be defined as writable, all others must be specified read-only.
Mapping: org.eclipse.persistence.mappings.ManyToOneMapping[_usuario]
Descriptor: RelationalDescriptor(ucab.dsw.entidades.Estudio --> [DatabaseTable(estudio)])

Exception [EclipseLink-48] (Eclipse Persistence Services - 2.6.4.v20160829-44060b6): org.eclipse.persistence.exceptions.DescriptorException
Exception Description: Multiple writable mappings exist for the field [telefono.Id].  Only one may be defined as writable, all others must be specified read-only.
Mapping: org.eclipse.persistence.mappings.ManyToOneMapping[_informacion]
Descriptor: RelationalDescriptor(ucab.dsw.entidades.Telefono --> [DatabaseTable(telefono)])

Exception [EclipseLink-48] (Eclipse Persistence Services - 2.6.4.v20160829-44060b6): org.eclipse.persistence.exceptions.DescriptorException
Exception Description: Multiple writable mappings exist for the field [subcategoria.Id].  Only one may be defined as writable, all others must be specified read-only.
Mapping: org.eclipse.persistence.mappings.ManyToOneMapping[_categoria]
Descriptor: RelationalDescriptor(ucab.dsw.entidades.Subcategoria --> [DatabaseTable(subcategoria)])

Exception [EclipseLink-48] (Eclipse Persistence Services - 2.6.4.v20160829-44060b6): org.eclipse.persistence.exceptions.DescriptorException
Exception Description: Multiple writable mappings exist for the field [producto.Id].  Only one may be defined as writable, all others must be specified read-only.
Mapping: org.eclipse.persistence.mappings.ManyToOneMapping[_marca]
Descriptor: RelationalDescriptor(ucab.dsw.entidades.Producto --> [DatabaseTable(producto)])

Exception [EclipseLink-48] (Eclipse Persistence Services - 2.6.4.v20160829-44060b6): org.eclipse.persistence.exceptions.DescriptorException
Exception Description: Multiple writable mappings exist for the field [producto.Id].  Only one may be defined as writable, all others must be specified read-only.
Mapping: org.eclipse.persistence.mappings.ManyToOneMapping[_subcategoria]
Descriptor: RelationalDescriptor(ucab.dsw.entidades.Producto --> [DatabaseTable(producto)])

Exception [EclipseLink-48] (Eclipse Persistence Services - 2.6.4.v20160829-44060b6): org.eclipse.persistence.exceptions.DescriptorException
Exception Description: Multiple writable mappings exist for the field [producto.Id].  Only one may be defined as writable, all others must be specified read-only.
Mapping: org.eclipse.persistence.mappings.ManyToOneMapping[_usuario]
Descriptor: RelationalDescriptor(ucab.dsw.entidades.Producto --> [DatabaseTable(producto)])

Exception [EclipseLink-48] (Eclipse Persistence Services - 2.6.4.v20160829-44060b6): org.eclipse.persistence.exceptions.DescriptorException
Exception Description: Multiple writable mappings exist for the field [usuario.Id].  Only one may be defined as writable, all others must be specified read-only.
Mapping: org.eclipse.persistence.mappings.ManyToOneMapping[_rol]
Descriptor: RelationalDescriptor(ucab.dsw.entidades.Usuario --> [DatabaseTable(usuario)])

Exception [EclipseLink-48] (Eclipse Persistence Services - 2.6.4.v20160829-44060b6): org.eclipse.persistence.exceptions.DescriptorException
Exception Description: Multiple writable mappings exist for the field [usuario.Id].  Only one may be defined as writable, all others must be specified read-only.
Mapping: org.eclipse.persistence.mappings.OneToOneMapping[_informacion]
Descriptor: RelationalDescriptor(ucab.dsw.entidades.Usuario --> [DatabaseTable(usuario)])

Runtime Exceptions: 
---------------------------------------------------------

	at org.eclipse.persistence.internal.sessions.DatabaseSessionImpl.initializeDescriptors(DatabaseSessionImpl.java:715)
	at org.eclipse.persistence.internal.sessions.DatabaseSessionImpl.initializeDescriptors(DatabaseSessionImpl.java:651)
	at org.eclipse.persistence.internal.sessions.DatabaseSessionImpl.initializeDescriptors(DatabaseSessionImpl.java:582)
	at org.eclipse.persistence.internal.sessions.DatabaseSessionImpl.postConnectDatasource(DatabaseSessionImpl.java:818)
	at org.eclipse.persistence.internal.sessions.DatabaseSessionImpl.loginAndDetectDatasource(DatabaseSessionImpl.java:762)
	at org.eclipse.persistence.internal.jpa.EntityManagerFactoryProvider.login(EntityManagerFactoryProvider.java:265)
	at org.eclipse.persistence.internal.jpa.EntityManagerSetupImpl.deploy(EntityManagerSetupImpl.java:731)
	... 39 more

