<?xml version="1.0" encoding="UTF-8" ?>
<testsuite tests="1" failures="0" name="CategoriaAPI_Test" time="4.482" errors="1" skipped="0">
  <properties>
[...]
</properties>
  <testcase classname="CategoriaAPI_Test" name="pruebaInsertarCategoria" time="4.482">
    <error message="Exception [EclipseLink-28019] (Eclipse Persistence Services - 2.6.4.v20160829-44060b6): org.eclipse.persistence.exceptions.EntityManagerSetupException
Exception Description: Deployment of PersistenceUnit [mercadeoUcabPU] failed. Close all factories for this PersistenceUnit.
Internal Exception: Exception [EclipseLink-0] (Eclipse Persistence Services - 2.6.4.v20160829-44060b6): org.eclipse.persistence.exceptions.IntegrityException
Descriptor Exceptions: 
---------------------------------------------------------

Exception [EclipseLink-48] (Eclipse Persistence Services - 2.6.4.v20160829-44060b6): org.eclipse.persistence.exceptions.DescriptorException
Exception Description: Multiple writable mappings exist for the field [hijo.Id].  Only one may be defined as writable, all others must be specified read-only.
Mapping: org.eclipse.persistence.mappings.ManyToOneMapping[_informacion]
Descriptor: RelationalDescriptor(ucab.dsw.entidades.Hijo --&gt; [DatabaseTable(hijo)])

Exception [EclipseLink-48] (Eclipse Persistence Services - 2.6.4.v20160829-44060b6): org.eclipse.persistence.exceptions.DescriptorException
Exception Description: Multiple writable mappings exist for the field [lugar.Id].  Only one may be defined as writable, all others must be specified read-only.
Mapping: org.eclipse.persistence.mappings.ManyToOneMapping[_lugar]
Descriptor: RelationalDescriptor(ucab.dsw.entidades.Lugar --&gt; [DatabaseTable(lugar)])

Exception [EclipseLink-48] (Eclipse Persistence Services - 2.6.4.v20160829-44060b6): org.eclipse.persistence.exceptions.DescriptorException
Exception Description: Multiple writable mappings exist for the field [preguntas_estudio.Id].  Only one may be defined as writable, all others must be specified read-only.
Mapping: org.eclipse.persistence.mappings.ManyToOneMapping[_estudio]
Descriptor: RelationalDescriptor(ucab.dsw.entidades.PreguntaEstudio --&gt; [DatabaseTable(preguntas_estudio)])

Exception [EclipseLink-48] (Eclipse Persistence Services - 2.6.4.v20160829-44060b6): org.eclipse.persistence.exceptions.DescriptorException
Exception Description: Multiple writable mappings exist for the field [preguntas_estudio.Id].  Only one may be defined as writable, all others must be specified read-only.
Mapping: org.eclipse.persistence.mappings.ManyToOneMapping[_preguntaEncuesta]
Descriptor: RelationalDescriptor(ucab.dsw.entidades.PreguntaEstudio --&gt; [DatabaseTable(preguntas_estudio)])

Exception [EclipseLink-48] (Eclipse Persistence Services - 2.6.4.v20160829-44060b6): org.eclipse.persistence.exceptions.DescriptorException
Exception Description: Multiple writable mappings exist for the field [historico_estado.Id].  Only one may be defined as writable, all others must be specified read-only.
Mapping: org.eclipse.persistence.mappings.ManyToOneMapping[_usuario]
Descriptor: RelationalDescriptor(ucab.dsw.entidades.HistoricoEstado --&gt; [DatabaseTable(historico_estado)])

Exception [EclipseLink-48] (Eclipse Persistence Services - 2.6.4.v20160829-44060b6): org.eclipse.persistence.exceptions.DescriptorException
Exception Description: Multiple writable mappings exist for the field [respuesta.Id].  Only one may be defined as writable, all others must be specified read-only.
Mapping: org.eclipse.persistence.mappings.ManyToOneMapping[_preguntaEstudio]
Descriptor: RelationalDescriptor(ucab.dsw.entidades.Respuesta --&gt; [DatabaseTable(respuesta)])

Exception [EclipseLink-48] (Eclipse Persistence Services - 2.6.4.v20160829-44060b6): org.eclipse.persistence.exceptions.DescriptorException
Exception Description: Multiple writable mappings exist for the field [respuesta.Id].  Only one may be defined as writable, all others must be specified read-only.
Mapping: org.eclipse.persistence.mappings.ManyToOneMapping[_usuario]
Descriptor: RelationalDescriptor(ucab.dsw.entidades.Respuesta --&gt; [DatabaseTable(respuesta)])

Exception [EclipseLink-48] (Eclipse Persistence Services - 2.6.4.v20160829-44060b6): org.eclipse.persistence.exceptions.DescriptorException
Exception Description: Multiple writable mappings exist for the field [respuesta_pregunta.Id].  Only one may be defined as writable, all others must be specified read-only.
Mapping: org.eclipse.persistence.mappings.ManyToOneMapping[_preguntaEncuesta]
Descriptor: RelationalDescriptor(ucab.dsw.entidades.RespuestaPregunta --&gt; [DatabaseTable(respuesta_pregunta)])

Exception [EclipseLink-48] (Eclipse Persistence Services - 2.6.4.v20160829-44060b6): org.eclipse.persistence.exceptions.DescriptorException
Exception Description: Multiple writable mappings exist for the field [solicitud_estudio.Id].  Only one may be defined as writable, all others must be specified read-only.
Mapping: org.eclipse.persistence.mappings.ManyToOneMapping[_nivelEconomico]
Descriptor: RelationalDescriptor(ucab.dsw.entidades.SolicitudEstudio --&gt; [DatabaseTable(solicitud_estudio)])

Exception [EclipseLink-48] (Eclipse Persistence Services - 2.6.4.v20160829-44060b6): org.eclipse.persistence.exceptions.DescriptorException
Exception Description: Multiple writable mappings exist for the field [solicitud_estudio.Id].  Only one may be defined as writable, all others must be specified read-only.
Mapping: org.eclipse.persistence.mappings.ManyToOneMapping[_producto]
Descriptor: RelationalDescriptor(ucab.dsw.entidades.SolicitudEstudio --&gt; [DatabaseTable(solicitud_estudio)])

Exception [EclipseLink-48] (Eclipse Persistence Services - 2.6.4.v20160829-44060b6): org.eclipse.persistence.exceptions.DescriptorException
Exception Description: Multiple writable mappings exist for the field [solicitud_estudio.Id].  Only one may be defined as writable, all others must be specified read-only.
Mapping: org.eclipse.persistence.mappings.ManyToOneMapping[_usuario]
Descriptor: RelationalDescriptor(ucab.dsw.entidades.SolicitudEstudio --&gt; [DatabaseTable(solicitud_estudio)])

Exception [EclipseLink-48] (Eclipse Persistence Services - 2.6.4.v20160829-44060b6): org.eclipse.persistence.exceptions.DescriptorException
Exception Description: Multiple writable mappings exist for the field [presentacion.Id].  Only one may be defined as writable, all others must be specified read-only.
Mapping: org.eclipse.persistence.mappings.ManyToOneMapping[_producto]
Descriptor: RelationalDescriptor(ucab.dsw.entidades.Presentacion --&gt; [DatabaseTable(presentacion)])

Exception [EclipseLink-48] (Eclipse Persistence Services - 2.6.4.v20160829-44060b6): org.eclipse.persistence.exceptions.DescriptorException
Exception Description: Multiple writable mappings exist for the field [medio_comunicacion.Id].  Only one may be defined as writable, all others must be specified read-only.
Mapping: org.eclipse.persistence.mappings.ManyToOneMapping[_informacion]
Descriptor: RelationalDescriptor(ucab.dsw.entidades.MedioComunicacion --&gt; [DatabaseTable(medio_comunicacion)])

Exception [EclipseLink-48] (Eclipse Persistence Services - 2.6.4.v20160829-44060b6): org.eclipse.persistence.exceptions.DescriptorException
Exception Description: Multiple writable mappings exist for the field [medio_comunicacion.Id].  Only one may be defined as writable, all others must be specified read-only.
Mapping: org.eclipse.persistence.mappings.ManyToOneMapping[_solicitudEstudio]
Descriptor: RelationalDescriptor(ucab.dsw.entidades.MedioComunicacion --&gt; [DatabaseTable(medio_comunicacion)])

Exception [EclipseLink-48] (Eclipse Persistence Services - 2.6.4.v20160829-44060b6): org.eclipse.persistence.exceptions.DescriptorException
Exception Description: Multiple writable mappings exist for the field [tipo.Id].  Only one may be defined as writable, all others must be specified read-only.
Mapping: org.eclipse.persistence.mappings.ManyToOneMapping[_producto]
Descriptor: RelationalDescriptor(ucab.dsw.entidades.Tipo --&gt; [DatabaseTable(tipo)])

Exception [EclipseLink-48] (Eclipse Persistence Services - 2.6.4.v20160829-44060b6): org.eclipse.persistence.exceptions.DescriptorException
Exception Description: Multiple writable mappings exist for the field [informacion.Id].  Only one may be defined as writable, all others must be specified read-only.
Mapping: org.eclipse.persistence.mappings.ManyToOneMapping[_lugar]
Descriptor: RelationalDescriptor(ucab.dsw.entidades.Informacion --&gt; [DatabaseTable(informacion)])

Exception [EclipseLink-48] (Eclipse Persistence Services - 2.6.4.v20160829-44060b6): org.eclipse.persistence.exceptions.DescriptorException
Exception Description: Multiple writable mappings exist for the field [informacion.Id].  Only one may be defined as writable, all others must be specified read-only.
Mapping: org.eclipse.persistence.mappings.ManyToOneMapping[_nivelAcademico]
Descriptor: RelationalDescriptor(ucab.dsw.entidades.Informacion --&gt; [DatabaseTable(informacion)])

Exception [EclipseLink-48] (Eclipse Persistence Services - 2.6.4.v20160829-44060b6): org.eclipse.persistence.exceptions.DescriptorException
Exception Description: Multiple writable mappings exist for the field [informacion.Id].  Only one may be defined as writable, all others must be specified read-only.
Mapping: org.eclipse.persistence.mappings.ManyToOneMapping[_nivelEconomico]
Descriptor: RelationalDescriptor(ucab.dsw.entidades.Informacion --&gt; [DatabaseTable(informacion)])

Exception [EclipseLink-48] (Eclipse Persistence Services - 2.6.4.v20160829-44060b6): org.eclipse.persistence.exceptions.DescriptorException
Exception Description: Multiple writable mappings exist for the field [informacion.Id].  Only one may be defined as writable, all others must be specified read-only.
Mapping: org.eclipse.persistence.mappings.ManyToOneMapping[_ocupacion]
Descriptor: RelationalDescriptor(ucab.dsw.entidades.Informacion --&gt; [DatabaseTable(informacion)])

Exception [EclipseLink-48] (Eclipse Persistence Services - 2.6.4.v20160829-44060b6): org.eclipse.persistence.exceptions.DescriptorException
Exception Description: Multiple writable mappings exist for the field [pregunta_encuesta.Id].  Only one may be defined as writable, all others must be specified read-only.
Mapping: org.eclipse.persistence.mappings.ManyToOneMapping[_subcategoria]
Descriptor: RelationalDescriptor(ucab.dsw.entidades.PreguntaEncuesta --&gt; [DatabaseTable(pregunta_encuesta)])

Exception [EclipseLink-48] (Eclipse Persistence Services - 2.6.4.v20160829-44060b6): org.eclipse.persistence.exceptions.DescriptorException
Exception Description: Multiple writable mappings exist for the field [pregunta_encuesta.Id].  Only one may be defined as writable, all others must be specified read-only.
Mapping: org.eclipse.persistence.mappings.ManyToOneMapping[_usuario]
Descriptor: RelationalDescriptor(ucab.dsw.entidades.PreguntaEncuesta --&gt; [DatabaseTable(pregunta_encuesta)])

Exception [EclipseLink-48] (Eclipse Persistence Services - 2.6.4.v20160829-44060b6): org.eclipse.persistence.exceptions.DescriptorException
Exception Description: Multiple writable mappings exist for the field [estudio.Id].  Only one may be defined as writable, all others must be specified read-only.
Mapping: org.eclipse.persistence.mappings.ManyToOneMapping[_solicitudEstudio]
Descriptor: RelationalDescriptor(ucab.dsw.entidades.Estudio --&gt; [DatabaseTable(estudio)])

Exception [EclipseLink-48] (Eclipse Persistence Services - 2.6.4.v20160829-44060b6): org.eclipse.persistence.exceptions.DescriptorException
Exception Description: Multiple writable mappings exist for the field [estudio.Id].  Only one may be defined as writable, all others must be specified read-only.
Mapping: org.eclipse.persistence.mappings.ManyToOneMapping[_usuario]
Descriptor: RelationalDescriptor(ucab.dsw.entidades.Estudio --&gt; [DatabaseTable(estudio)])

Exception [EclipseLink-48] (Eclipse Persistence Services - 2.6.4.v20160829-44060b6): org.eclipse.persistence.exceptions.DescriptorException
Exception Description: Multiple writable mappings exist for the field [telefono.Id].  Only one may be defined as writable, all others must be specified read-only.
Mapping: org.eclipse.persistence.mappings.ManyToOneMapping[_informacion]
Descriptor: RelationalDescriptor(ucab.dsw.entidades.Telefono --&gt; [DatabaseTable(telefono)])

Exception [EclipseLink-48] (Eclipse Persistence Services - 2.6.4.v20160829-44060b6): org.eclipse.persistence.exceptions.DescriptorException
Exception Description: Multiple writable mappings exist for the field [subcategoria.Id].  Only one may be defined as writable, all others must be specified read-only.
Mapping: org.eclipse.persistence.mappings.ManyToOneMapping[_categoria]
Descriptor: RelationalDescriptor(ucab.dsw.entidades.Subcategoria --&gt; [DatabaseTable(subcategoria)])

Exception [EclipseLink-48] (Eclipse Persistence Services - 2.6.4.v20160829-44060b6): org.eclipse.persistence.exceptions.DescriptorException
Exception Description: Multiple writable mappings exist for the field [producto.Id].  Only one may be defined as writable, all others must be specified read-only.
Mapping: org.eclipse.persistence.mappings.ManyToOneMapping[_marca]
Descriptor: RelationalDescriptor(ucab.dsw.entidades.Producto --&gt; [DatabaseTable(producto)])

Exception [EclipseLink-48] (Eclipse Persistence Services - 2.6.4.v20160829-44060b6): org.eclipse.persistence.exceptions.DescriptorException
Exception Description: Multiple writable mappings exist for the field [producto.Id].  Only one may be defined as writable, all others must be specified read-only.
Mapping: org.eclipse.persistence.mappings.ManyToOneMapping[_subcategoria]
Descriptor: RelationalDescriptor(ucab.dsw.entidades.Producto --&gt; [DatabaseTable(producto)])

Exception [EclipseLink-48] (Eclipse Persistence Services - 2.6.4.v20160829-44060b6): org.eclipse.persistence.exceptions.DescriptorException
Exception Description: Multiple writable mappings exist for the field [producto.Id].  Only one may be defined as writable, all others must be specified read-only.
Mapping: org.eclipse.persistence.mappings.ManyToOneMapping[_usuario]
Descriptor: RelationalDescriptor(ucab.dsw.entidades.Producto --&gt; [DatabaseTable(producto)])

Exception [EclipseLink-48] (Eclipse Persistence Services - 2.6.4.v20160829-44060b6): org.eclipse.persistence.exceptions.DescriptorException
Exception Description: Multiple writable mappings exist for the field [usuario.Id].  Only one may be defined as writable, all others must be specified read-only.
Mapping: org.eclipse.persistence.mappings.ManyToOneMapping[_rol]
Descriptor: RelationalDescriptor(ucab.dsw.entidades.Usuario --&gt; [DatabaseTable(usuario)])

Exception [EclipseLink-48] (Eclipse Persistence Services - 2.6.4.v20160829-44060b6): org.eclipse.persistence.exceptions.DescriptorException
Exception Description: Multiple writable mappings exist for the field [usuario.Id].  Only one may be defined as writable, all others must be specified read-only.
Mapping: org.eclipse.persistence.mappings.OneToOneMapping[_informacion]
Descriptor: RelationalDescriptor(ucab.dsw.entidades.Usuario --&gt; [DatabaseTable(usuario)])

Runtime Exceptions: 
---------------------------------------------------------
" type="javax.persistence.PersistenceException">javax.persistence.PersistenceException: Exception [EclipseLink-28019] (Eclipse Persistence Services - 2.6.4.v20160829-44060b6): org.eclipse.persistence.exceptions.EntityManagerSetupException
Exception Description: Deployment of PersistenceUnit [mercadeoUcabPU] failed. Close all factories for this PersistenceUnit.
Internal Exception: Exception [EclipseLink-0] (Eclipse Persistence Services - 2.6.4.v20160829-44060b6): org.eclipse.persistence.exceptions.IntegrityException
Descriptor Exceptions: 
---------------------------------------------------------

Exception [EclipseLink-48] (Eclipse Persistence Services - 2.6.4.v20160829-44060b6): org.eclipse.persistence.exceptions.DescriptorException
Exception Description: Multiple writable mappings exist for the field [hijo.Id].  Only one may be defined as writable, all others must be specified read-only.
Mapping: org.eclipse.persistence.mappings.ManyToOneMapping[_informacion]
Descriptor: RelationalDescriptor(ucab.dsw.entidades.Hijo --&gt; [DatabaseTable(hijo)])

Exception [EclipseLink-48] (Eclipse Persistence Services - 2.6.4.v20160829-44060b6): org.eclipse.persistence.exceptions.DescriptorException
Exception Description: Multiple writable mappings exist for the field [lugar.Id].  Only one may be defined as writable, all others must be specified read-only.
Mapping: org.eclipse.persistence.mappings.ManyToOneMapping[_lugar]
Descriptor: RelationalDescriptor(ucab.dsw.entidades.Lugar --&gt; [DatabaseTable(lugar)])

Exception [EclipseLink-48] (Eclipse Persistence Services - 2.6.4.v20160829-44060b6): org.eclipse.persistence.exceptions.DescriptorException
Exception Description: Multiple writable mappings exist for the field [preguntas_estudio.Id].  Only one may be defined as writable, all others must be specified read-only.
Mapping: org.eclipse.persistence.mappings.ManyToOneMapping[_estudio]
Descriptor: RelationalDescriptor(ucab.dsw.entidades.PreguntaEstudio --&gt; [DatabaseTable(preguntas_estudio)])

Exception [EclipseLink-48] (Eclipse Persistence Services - 2.6.4.v20160829-44060b6): org.eclipse.persistence.exceptions.DescriptorException
Exception Description: Multiple writable mappings exist for the field [preguntas_estudio.Id].  Only one may be defined as writable, all others must be specified read-only.
Mapping: org.eclipse.persistence.mappings.ManyToOneMapping[_preguntaEncuesta]
Descriptor: RelationalDescriptor(ucab.dsw.entidades.PreguntaEstudio --&gt; [DatabaseTable(preguntas_estudio)])

Exception [EclipseLink-48] (Eclipse Persistence Services - 2.6.4.v20160829-44060b6): org.eclipse.persistence.exceptions.DescriptorException
Exception Description: Multiple writable mappings exist for the field [historico_estado.Id].  Only one may be defined as writable, all others must be specified read-only.
Mapping: org.eclipse.persistence.mappings.ManyToOneMapping[_usuario]
Descriptor: RelationalDescriptor(ucab.dsw.entidades.HistoricoEstado --&gt; [DatabaseTable(historico_estado)])

Exception [EclipseLink-48] (Eclipse Persistence Services - 2.6.4.v20160829-44060b6): org.eclipse.persistence.exceptions.DescriptorException
Exception Description: Multiple writable mappings exist for the field [respuesta.Id].  Only one may be defined as writable, all others must be specified read-only.
Mapping: org.eclipse.persistence.mappings.ManyToOneMapping[_preguntaEstudio]
Descriptor: RelationalDescriptor(ucab.dsw.entidades.Respuesta --&gt; [DatabaseTable(respuesta)])

Exception [EclipseLink-48] (Eclipse Persistence Services - 2.6.4.v20160829-44060b6): org.eclipse.persistence.exceptions.DescriptorException
Exception Description: Multiple writable mappings exist for the field [respuesta.Id].  Only one may be defined as writable, all others must be specified read-only.
Mapping: org.eclipse.persistence.mappings.ManyToOneMapping[_usuario]
Descriptor: RelationalDescriptor(ucab.dsw.entidades.Respuesta --&gt; [DatabaseTable(respuesta)])

Exception [EclipseLink-48] (Eclipse Persistence Services - 2.6.4.v20160829-44060b6): org.eclipse.persistence.exceptions.DescriptorException
Exception Description: Multiple writable mappings exist for the field [respuesta_pregunta.Id].  Only one may be defined as writable, all others must be specified read-only.
Mapping: org.eclipse.persistence.mappings.ManyToOneMapping[_preguntaEncuesta]
Descriptor: RelationalDescriptor(ucab.dsw.entidades.RespuestaPregunta --&gt; [DatabaseTable(respuesta_pregunta)])

Exception [EclipseLink-48] (Eclipse Persistence Services - 2.6.4.v20160829-44060b6): org.eclipse.persistence.exceptions.DescriptorException
Exception Description: Multiple writable mappings exist for the field [solicitud_estudio.Id].  Only one may be defined as writable, all others must be specified read-only.
Mapping: org.eclipse.persistence.mappings.ManyToOneMapping[_nivelEconomico]
Descriptor: RelationalDescriptor(ucab.dsw.entidades.SolicitudEstudio --&gt; [DatabaseTable(solicitud_estudio)])

Exception [EclipseLink-48] (Eclipse Persistence Services - 2.6.4.v20160829-44060b6): org.eclipse.persistence.exceptions.DescriptorException
Exception Description: Multiple writable mappings exist for the field [solicitud_estudio.Id].  Only one may be defined as writable, all others must be specified read-only.
Mapping: org.eclipse.persistence.mappings.ManyToOneMapping[_producto]
Descriptor: RelationalDescriptor(ucab.dsw.entidades.SolicitudEstudio --&gt; [DatabaseTable(solicitud_estudio)])

Exception [EclipseLink-48] (Eclipse Persistence Services - 2.6.4.v20160829-44060b6): org.eclipse.persistence.exceptions.DescriptorException
Exception Description: Multiple writable mappings exist for the field [solicitud_estudio.Id].  Only one may be defined as writable, all others must be specified read-only.
Mapping: org.eclipse.persistence.mappings.ManyToOneMapping[_usuario]
Descriptor: RelationalDescriptor(ucab.dsw.entidades.SolicitudEstudio --&gt; [DatabaseTable(solicitud_estudio)])

Exception [EclipseLink-48] (Eclipse Persistence Services - 2.6.4.v20160829-44060b6): org.eclipse.persistence.exceptions.DescriptorException
Exception Description: Multiple writable mappings exist for the field [presentacion.Id].  Only one may be defined as writable, all others must be specified read-only.
Mapping: org.eclipse.persistence.mappings.ManyToOneMapping[_producto]
Descriptor: RelationalDescriptor(ucab.dsw.entidades.Presentacion --&gt; [DatabaseTable(presentacion)])

Exception [EclipseLink-48] (Eclipse Persistence Services - 2.6.4.v20160829-44060b6): org.eclipse.persistence.exceptions.DescriptorException
Exception Description: Multiple writable mappings exist for the field [medio_comunicacion.Id].  Only one may be defined as writable, all others must be specified read-only.
Mapping: org.eclipse.persistence.mappings.ManyToOneMapping[_informacion]
Descriptor: RelationalDescriptor(ucab.dsw.entidades.MedioComunicacion --&gt; [DatabaseTable(medio_comunicacion)])

Exception [EclipseLink-48] (Eclipse Persistence Services - 2.6.4.v20160829-44060b6): org.eclipse.persistence.exceptions.DescriptorException
Exception Description: Multiple writable mappings exist for the field [medio_comunicacion.Id].  Only one may be defined as writable, all others must be specified read-only.
Mapping: org.eclipse.persistence.mappings.ManyToOneMapping[_solicitudEstudio]
Descriptor: RelationalDescriptor(ucab.dsw.entidades.MedioComunicacion --&gt; [DatabaseTable(medio_comunicacion)])

Exception [EclipseLink-48] (Eclipse Persistence Services - 2.6.4.v20160829-44060b6): org.eclipse.persistence.exceptions.DescriptorException
Exception Description: Multiple writable mappings exist for the field [tipo.Id].  Only one may be defined as writable, all others must be specified read-only.
Mapping: org.eclipse.persistence.mappings.ManyToOneMapping[_producto]
Descriptor: RelationalDescriptor(ucab.dsw.entidades.Tipo --&gt; [DatabaseTable(tipo)])

Exception [EclipseLink-48] (Eclipse Persistence Services - 2.6.4.v20160829-44060b6): org.eclipse.persistence.exceptions.DescriptorException
Exception Description: Multiple writable mappings exist for the field [informacion.Id].  Only one may be defined as writable, all others must be specified read-only.
Mapping: org.eclipse.persistence.mappings.ManyToOneMapping[_lugar]
Descriptor: RelationalDescriptor(ucab.dsw.entidades.Informacion --&gt; [DatabaseTable(informacion)])

Exception [EclipseLink-48] (Eclipse Persistence Services - 2.6.4.v20160829-44060b6): org.eclipse.persistence.exceptions.DescriptorException
Exception Description: Multiple writable mappings exist for the field [informacion.Id].  Only one may be defined as writable, all others must be specified read-only.
Mapping: org.eclipse.persistence.mappings.ManyToOneMapping[_nivelAcademico]
Descriptor: RelationalDescriptor(ucab.dsw.entidades.Informacion --&gt; [DatabaseTable(informacion)])

Exception [EclipseLink-48] (Eclipse Persistence Services - 2.6.4.v20160829-44060b6): org.eclipse.persistence.exceptions.DescriptorException
Exception Description: Multiple writable mappings exist for the field [informacion.Id].  Only one may be defined as writable, all others must be specified read-only.
Mapping: org.eclipse.persistence.mappings.ManyToOneMapping[_nivelEconomico]
Descriptor: RelationalDescriptor(ucab.dsw.entidades.Informacion --&gt; [DatabaseTable(informacion)])

Exception [EclipseLink-48] (Eclipse Persistence Services - 2.6.4.v20160829-44060b6): org.eclipse.persistence.exceptions.DescriptorException
Exception Description: Multiple writable mappings exist for the field [informacion.Id].  Only one may be defined as writable, all others must be specified read-only.
Mapping: org.eclipse.persistence.mappings.ManyToOneMapping[_ocupacion]
Descriptor: RelationalDescriptor(ucab.dsw.entidades.Informacion --&gt; [DatabaseTable(informacion)])

Exception [EclipseLink-48] (Eclipse Persistence Services - 2.6.4.v20160829-44060b6): org.eclipse.persistence.exceptions.DescriptorException
Exception Description: Multiple writable mappings exist for the field [pregunta_encuesta.Id].  Only one may be defined as writable, all others must be specified read-only.
Mapping: org.eclipse.persistence.mappings.ManyToOneMapping[_subcategoria]
Descriptor: RelationalDescriptor(ucab.dsw.entidades.PreguntaEncuesta --&gt; [DatabaseTable(pregunta_encuesta)])

Exception [EclipseLink-48] (Eclipse Persistence Services - 2.6.4.v20160829-44060b6): org.eclipse.persistence.exceptions.DescriptorException
Exception Description: Multiple writable mappings exist for the field [pregunta_encuesta.Id].  Only one may be defined as writable, all others must be specified read-only.
Mapping: org.eclipse.persistence.mappings.ManyToOneMapping[_usuario]
Descriptor: RelationalDescriptor(ucab.dsw.entidades.PreguntaEncuesta --&gt; [DatabaseTable(pregunta_encuesta)])

Exception [EclipseLink-48] (Eclipse Persistence Services - 2.6.4.v20160829-44060b6): org.eclipse.persistence.exceptions.DescriptorException
Exception Description: Multiple writable mappings exist for the field [estudio.Id].  Only one may be defined as writable, all others must be specified read-only.
Mapping: org.eclipse.persistence.mappings.ManyToOneMapping[_solicitudEstudio]
Descriptor: RelationalDescriptor(ucab.dsw.entidades.Estudio --&gt; [DatabaseTable(estudio)])

Exception [EclipseLink-48] (Eclipse Persistence Services - 2.6.4.v20160829-44060b6): org.eclipse.persistence.exceptions.DescriptorException
Exception Description: Multiple writable mappings exist for the field [estudio.Id].  Only one may be defined as writable, all others must be specified read-only.
Mapping: org.eclipse.persistence.mappings.ManyToOneMapping[_usuario]
Descriptor: RelationalDescriptor(ucab.dsw.entidades.Estudio --&gt; [DatabaseTable(estudio)])

Exception [EclipseLink-48] (Eclipse Persistence Services - 2.6.4.v20160829-44060b6): org.eclipse.persistence.exceptions.DescriptorException
Exception Description: Multiple writable mappings exist for the field [telefono.Id].  Only one may be defined as writable, all others must be specified read-only.
Mapping: org.eclipse.persistence.mappings.ManyToOneMapping[_informacion]
Descriptor: RelationalDescriptor(ucab.dsw.entidades.Telefono --&gt; [DatabaseTable(telefono)])

Exception [EclipseLink-48] (Eclipse Persistence Services - 2.6.4.v20160829-44060b6): org.eclipse.persistence.exceptions.DescriptorException
Exception Description: Multiple writable mappings exist for the field [subcategoria.Id].  Only one may be defined as writable, all others must be specified read-only.
Mapping: org.eclipse.persistence.mappings.ManyToOneMapping[_categoria]
Descriptor: RelationalDescriptor(ucab.dsw.entidades.Subcategoria --&gt; [DatabaseTable(subcategoria)])

Exception [EclipseLink-48] (Eclipse Persistence Services - 2.6.4.v20160829-44060b6): org.eclipse.persistence.exceptions.DescriptorException
Exception Description: Multiple writable mappings exist for the field [producto.Id].  Only one may be defined as writable, all others must be specified read-only.
Mapping: org.eclipse.persistence.mappings.ManyToOneMapping[_marca]
Descriptor: RelationalDescriptor(ucab.dsw.entidades.Producto --&gt; [DatabaseTable(producto)])

Exception [EclipseLink-48] (Eclipse Persistence Services - 2.6.4.v20160829-44060b6): org.eclipse.persistence.exceptions.DescriptorException
Exception Description: Multiple writable mappings exist for the field [producto.Id].  Only one may be defined as writable, all others must be specified read-only.
Mapping: org.eclipse.persistence.mappings.ManyToOneMapping[_subcategoria]
Descriptor: RelationalDescriptor(ucab.dsw.entidades.Producto --&gt; [DatabaseTable(producto)])

Exception [EclipseLink-48] (Eclipse Persistence Services - 2.6.4.v20160829-44060b6): org.eclipse.persistence.exceptions.DescriptorException
Exception Description: Multiple writable mappings exist for the field [producto.Id].  Only one may be defined as writable, all others must be specified read-only.
Mapping: org.eclipse.persistence.mappings.ManyToOneMapping[_usuario]
Descriptor: RelationalDescriptor(ucab.dsw.entidades.Producto --&gt; [DatabaseTable(producto)])

Exception [EclipseLink-48] (Eclipse Persistence Services - 2.6.4.v20160829-44060b6): org.eclipse.persistence.exceptions.DescriptorException
Exception Description: Multiple writable mappings exist for the field [usuario.Id].  Only one may be defined as writable, all others must be specified read-only.
Mapping: org.eclipse.persistence.mappings.ManyToOneMapping[_rol]
Descriptor: RelationalDescriptor(ucab.dsw.entidades.Usuario --&gt; [DatabaseTable(usuario)])

Exception [EclipseLink-48] (Eclipse Persistence Services - 2.6.4.v20160829-44060b6): org.eclipse.persistence.exceptions.DescriptorException
Exception Description: Multiple writable mappings exist for the field [usuario.Id].  Only one may be defined as writable, all others must be specified read-only.
Mapping: org.eclipse.persistence.mappings.OneToOneMapping[_informacion]
Descriptor: RelationalDescriptor(ucab.dsw.entidades.Usuario --&gt; [DatabaseTable(usuario)])

Runtime Exceptions: 
---------------------------------------------------------

	at org.eclipse.persistence.internal.jpa.EntityManagerSetupImpl.createDeployFailedPersistenceException(EntityManagerSetupImpl.java:869)
	at org.eclipse.persistence.internal.jpa.EntityManagerSetupImpl.deploy(EntityManagerSetupImpl.java:809)
	at org.eclipse.persistence.internal.jpa.EntityManagerFactoryDelegate.getAbstractSession(EntityManagerFactoryDelegate.java:205)
	at org.eclipse.persistence.internal.jpa.EntityManagerFactoryDelegate.createEntityManagerImpl(EntityManagerFactoryDelegate.java:305)
	at org.eclipse.persistence.internal.jpa.EntityManagerFactoryImpl.createEntityManagerImpl(EntityManagerFactoryImpl.java:337)
	at org.eclipse.persistence.internal.jpa.EntityManagerFactoryImpl.createEntityManager(EntityManagerFactoryImpl.java:303)
	at ucab.dsw.accesodatos.DaoHandler.getSession(DaoHandler.java:52)
	at ucab.dsw.accesodatos.Dao.insert(Dao.java:33)
	at CategoriaAPI_Test.pruebaInsertarCategoria(CategoriaAPI_Test.java:24)
	at sun.reflect.NativeMethodAccessorImpl.invoke0(Native Method)
	at sun.reflect.NativeMethodAccessorImpl.invoke(NativeMethodAccessorImpl.java:62)
	at sun.reflect.DelegatingMethodAccessorImpl.invoke(DelegatingMethodAccessorImpl.java:43)
	at java.lang.reflect.Method.invoke(Method.java:498)
	at org.junit.runners.model.FrameworkMethod$1.runReflectiveCall(FrameworkMethod.java:59)
	at org.junit.internal.runners.model.ReflectiveCallable.run(ReflectiveCallable.java:12)
	at org.junit.runners.model.FrameworkMethod.invokeExplosively(FrameworkMethod.java:56)
	at org.junit.internal.runners.statements.InvokeMethod.evaluate(InvokeMethod.java:17)
	at org.junit.runners.ParentRunner$3.evaluate(ParentRunner.java:305)
	at org.junit.runners.BlockJUnit4ClassRunner$1.evaluate(BlockJUnit4ClassRunner.java:100)
	at org.junit.runners.ParentRunner.runLeaf(ParentRunner.java:365)
	at org.junit.runners.BlockJUnit4ClassRunner.runChild(BlockJUnit4ClassRunner.java:103)
	at org.junit.runners.BlockJUnit4ClassRunner.runChild(BlockJUnit4ClassRunner.java:63)
	at org.junit.runners.ParentRunner$4.run(ParentRunner.java:330)
	at org.junit.runners.ParentRunner$1.schedule(ParentRunner.java:78)
	at org.junit.runners.ParentRunner.runChildren(ParentRunner.java:328)
	at org.junit.runners.ParentRunner.access$100(ParentRunner.java:65)
	at org.junit.runners.ParentRunner$2.evaluate(ParentRunner.java:292)
	at org.junit.runners.ParentRunner$3.evaluate(ParentRunner.java:305)
	at org.junit.runners.ParentRunner.run(ParentRunner.java:412)
	at org.apache.maven.surefire.junit4.JUnit4Provider.execute(JUnit4Provider.java:252)
	at org.apache.maven.surefire.junit4.JUnit4Provider.executeTestSet(JUnit4Provider.java:141)
	at org.apache.maven.surefire.junit4.JUnit4Provider.invoke(JUnit4Provider.java:112)
	at sun.reflect.NativeMethodAccessorImpl.invoke0(Native Method)
	at sun.reflect.NativeMethodAccessorImpl.invoke(NativeMethodAccessorImpl.java:62)
	at sun.reflect.DelegatingMethodAccessorImpl.invoke(DelegatingMethodAccessorImpl.java:43)
	at java.lang.reflect.Method.invoke(Method.java:498)
	at org.apache.maven.surefire.util.ReflectionUtils.invokeMethodWithArray(ReflectionUtils.java:189)
	at org.apache.maven.surefire.booter.ProviderFactory$ProviderProxy.invoke(ProviderFactory.java:165)
	at org.apache.maven.surefire.booter.ProviderFactory.invokeProvider(ProviderFactory.java:85)
	at org.apache.maven.surefire.booter.ForkedBooter.runSuitesInProcess(ForkedBooter.java:115)
	at org.apache.maven.surefire.booter.ForkedBooter.main(ForkedBooter.java:75)
Caused by: Exception [EclipseLink-28019] (Eclipse Persistence Services - 2.6.4.v20160829-44060b6): org.eclipse.persistence.exceptions.EntityManagerSetupException
Exception Description: Deployment of PersistenceUnit [mercadeoUcabPU] failed. Close all factories for this PersistenceUnit.
Internal Exception: Exception [EclipseLink-0] (Eclipse Persistence Services - 2.6.4.v20160829-44060b6): org.eclipse.persistence.exceptions.IntegrityException
Descriptor Exceptions: 
---------------------------------------------------------

Exception [EclipseLink-48] (Eclipse Persistence Services - 2.6.4.v20160829-44060b6): org.eclipse.persistence.exceptions.DescriptorException
Exception Description: Multiple writable mappings exist for the field [hijo.Id].  Only one may be defined as writable, all others must be specified read-only.
Mapping: org.eclipse.persistence.mappings.ManyToOneMapping[_informacion]
Descriptor: RelationalDescriptor(ucab.dsw.entidades.Hijo --&gt; [DatabaseTable(hijo)])

Exception [EclipseLink-48] (Eclipse Persistence Services - 2.6.4.v20160829-44060b6): org.eclipse.persistence.exceptions.DescriptorException
Exception Description: Multiple writable mappings exist for the field [lugar.Id].  Only one may be defined as writable, all others must be specified read-only.
Mapping: org.eclipse.persistence.mappings.ManyToOneMapping[_lugar]
Descriptor: RelationalDescriptor(ucab.dsw.entidades.Lugar --&gt; [DatabaseTable(lugar)])

Exception [EclipseLink-48] (Eclipse Persistence Services - 2.6.4.v20160829-44060b6): org.eclipse.persistence.exceptions.DescriptorException
Exception Description: Multiple writable mappings exist for the field [preguntas_estudio.Id].  Only one may be defined as writable, all others must be specified read-only.
Mapping: org.eclipse.persistence.mappings.ManyToOneMapping[_estudio]
Descriptor: RelationalDescriptor(ucab.dsw.entidades.PreguntaEstudio --&gt; [DatabaseTable(preguntas_estudio)])

Exception [EclipseLink-48] (Eclipse Persistence Services - 2.6.4.v20160829-44060b6): org.eclipse.persistence.exceptions.DescriptorException
Exception Description: Multiple writable mappings exist for the field [preguntas_estudio.Id].  Only one may be defined as writable, all others must be specified read-only.
Mapping: org.eclipse.persistence.mappings.ManyToOneMapping[_preguntaEncuesta]
Descriptor: RelationalDescriptor(ucab.dsw.entidades.PreguntaEstudio --&gt; [DatabaseTable(preguntas_estudio)])

Exception [EclipseLink-48] (Eclipse Persistence Services - 2.6.4.v20160829-44060b6): org.eclipse.persistence.exceptions.DescriptorException
Exception Description: Multiple writable mappings exist for the field [historico_estado.Id].  Only one may be defined as writable, all others must be specified read-only.
Mapping: org.eclipse.persistence.mappings.ManyToOneMapping[_usuario]
Descriptor: RelationalDescriptor(ucab.dsw.entidades.HistoricoEstado --&gt; [DatabaseTable(historico_estado)])

Exception [EclipseLink-48] (Eclipse Persistence Services - 2.6.4.v20160829-44060b6): org.eclipse.persistence.exceptions.DescriptorException
Exception Description: Multiple writable mappings exist for the field [respuesta.Id].  Only one may be defined as writable, all others must be specified read-only.
Mapping: org.eclipse.persistence.mappings.ManyToOneMapping[_preguntaEstudio]
Descriptor: RelationalDescriptor(ucab.dsw.entidades.Respuesta --&gt; [DatabaseTable(respuesta)])

Exception [EclipseLink-48] (Eclipse Persistence Services - 2.6.4.v20160829-44060b6): org.eclipse.persistence.exceptions.DescriptorException
Exception Description: Multiple writable mappings exist for the field [respuesta.Id].  Only one may be defined as writable, all others must be specified read-only.
Mapping: org.eclipse.persistence.mappings.ManyToOneMapping[_usuario]
Descriptor: RelationalDescriptor(ucab.dsw.entidades.Respuesta --&gt; [DatabaseTable(respuesta)])

Exception [EclipseLink-48] (Eclipse Persistence Services - 2.6.4.v20160829-44060b6): org.eclipse.persistence.exceptions.DescriptorException
Exception Description: Multiple writable mappings exist for the field [respuesta_pregunta.Id].  Only one may be defined as writable, all others must be specified read-only.
Mapping: org.eclipse.persistence.mappings.ManyToOneMapping[_preguntaEncuesta]
Descriptor: RelationalDescriptor(ucab.dsw.entidades.RespuestaPregunta --&gt; [DatabaseTable(respuesta_pregunta)])

Exception [EclipseLink-48] (Eclipse Persistence Services - 2.6.4.v20160829-44060b6): org.eclipse.persistence.exceptions.DescriptorException
Exception Description: Multiple writable mappings exist for the field [solicitud_estudio.Id].  Only one may be defined as writable, all others must be specified read-only.
Mapping: org.eclipse.persistence.mappings.ManyToOneMapping[_nivelEconomico]
Descriptor: RelationalDescriptor(ucab.dsw.entidades.SolicitudEstudio --&gt; [DatabaseTable(solicitud_estudio)])

Exception [EclipseLink-48] (Eclipse Persistence Services - 2.6.4.v20160829-44060b6): org.eclipse.persistence.exceptions.DescriptorException
Exception Description: Multiple writable mappings exist for the field [solicitud_estudio.Id].  Only one may be defined as writable, all others must be specified read-only.
Mapping: org.eclipse.persistence.mappings.ManyToOneMapping[_producto]
Descriptor: RelationalDescriptor(ucab.dsw.entidades.SolicitudEstudio --&gt; [DatabaseTable(solicitud_estudio)])

Exception [EclipseLink-48] (Eclipse Persistence Services - 2.6.4.v20160829-44060b6): org.eclipse.persistence.exceptions.DescriptorException
Exception Description: Multiple writable mappings exist for the field [solicitud_estudio.Id].  Only one may be defined as writable, all others must be specified read-only.
Mapping: org.eclipse.persistence.mappings.ManyToOneMapping[_usuario]
Descriptor: RelationalDescriptor(ucab.dsw.entidades.SolicitudEstudio --&gt; [DatabaseTable(solicitud_estudio)])

Exception [EclipseLink-48] (Eclipse Persistence Services - 2.6.4.v20160829-44060b6): org.eclipse.persistence.exceptions.DescriptorException
Exception Description: Multiple writable mappings exist for the field [presentacion.Id].  Only one may be defined as writable, all others must be specified read-only.
Mapping: org.eclipse.persistence.mappings.ManyToOneMapping[_producto]
Descriptor: RelationalDescriptor(ucab.dsw.entidades.Presentacion --&gt; [DatabaseTable(presentacion)])

Exception [EclipseLink-48] (Eclipse Persistence Services - 2.6.4.v20160829-44060b6): org.eclipse.persistence.exceptions.DescriptorException
Exception Description: Multiple writable mappings exist for the field [medio_comunicacion.Id].  Only one may be defined as writable, all others must be specified read-only.
Mapping: org.eclipse.persistence.mappings.ManyToOneMapping[_informacion]
Descriptor: RelationalDescriptor(ucab.dsw.entidades.MedioComunicacion --&gt; [DatabaseTable(medio_comunicacion)])

Exception [EclipseLink-48] (Eclipse Persistence Services - 2.6.4.v20160829-44060b6): org.eclipse.persistence.exceptions.DescriptorException
Exception Description: Multiple writable mappings exist for the field [medio_comunicacion.Id].  Only one may be defined as writable, all others must be specified read-only.
Mapping: org.eclipse.persistence.mappings.ManyToOneMapping[_solicitudEstudio]
Descriptor: RelationalDescriptor(ucab.dsw.entidades.MedioComunicacion --&gt; [DatabaseTable(medio_comunicacion)])

Exception [EclipseLink-48] (Eclipse Persistence Services - 2.6.4.v20160829-44060b6): org.eclipse.persistence.exceptions.DescriptorException
Exception Description: Multiple writable mappings exist for the field [tipo.Id].  Only one may be defined as writable, all others must be specified read-only.
Mapping: org.eclipse.persistence.mappings.ManyToOneMapping[_producto]
Descriptor: RelationalDescriptor(ucab.dsw.entidades.Tipo --&gt; [DatabaseTable(tipo)])

Exception [EclipseLink-48] (Eclipse Persistence Services - 2.6.4.v20160829-44060b6): org.eclipse.persistence.exceptions.DescriptorException
Exception Description: Multiple writable mappings exist for the field [informacion.Id].  Only one may be defined as writable, all others must be specified read-only.
Mapping: org.eclipse.persistence.mappings.ManyToOneMapping[_lugar]
Descriptor: RelationalDescriptor(ucab.dsw.entidades.Informacion --&gt; [DatabaseTable(informacion)])

Exception [EclipseLink-48] (Eclipse Persistence Services - 2.6.4.v20160829-44060b6): org.eclipse.persistence.exceptions.DescriptorException
Exception Description: Multiple writable mappings exist for the field [informacion.Id].  Only one may be defined as writable, all others must be specified read-only.
Mapping: org.eclipse.persistence.mappings.ManyToOneMapping[_nivelAcademico]
Descriptor: RelationalDescriptor(ucab.dsw.entidades.Informacion --&gt; [DatabaseTable(informacion)])

Exception [EclipseLink-48] (Eclipse Persistence Services - 2.6.4.v20160829-44060b6): org.eclipse.persistence.exceptions.DescriptorException
Exception Description: Multiple writable mappings exist for the field [informacion.Id].  Only one may be defined as writable, all others must be specified read-only.
Mapping: org.eclipse.persistence.mappings.ManyToOneMapping[_nivelEconomico]
Descriptor: RelationalDescriptor(ucab.dsw.entidades.Informacion --&gt; [DatabaseTable(informacion)])

Exception [EclipseLink-48] (Eclipse Persistence Services - 2.6.4.v20160829-44060b6): org.eclipse.persistence.exceptions.DescriptorException
Exception Description: Multiple writable mappings exist for the field [informacion.Id].  Only one may be defined as writable, all others must be specified read-only.
Mapping: org.eclipse.persistence.mappings.ManyToOneMapping[_ocupacion]
Descriptor: RelationalDescriptor(ucab.dsw.entidades.Informacion --&gt; [DatabaseTable(informacion)])

Exception [EclipseLink-48] (Eclipse Persistence Services - 2.6.4.v20160829-44060b6): org.eclipse.persistence.exceptions.DescriptorException
Exception Description: Multiple writable mappings exist for the field [pregunta_encuesta.Id].  Only one may be defined as writable, all others must be specified read-only.
Mapping: org.eclipse.persistence.mappings.ManyToOneMapping[_subcategoria]
Descriptor: RelationalDescriptor(ucab.dsw.entidades.PreguntaEncuesta --&gt; [DatabaseTable(pregunta_encuesta)])

Exception [EclipseLink-48] (Eclipse Persistence Services - 2.6.4.v20160829-44060b6): org.eclipse.persistence.exceptions.DescriptorException
Exception Description: Multiple writable mappings exist for the field [pregunta_encuesta.Id].  Only one may be defined as writable, all others must be specified read-only.
Mapping: org.eclipse.persistence.mappings.ManyToOneMapping[_usuario]
Descriptor: RelationalDescriptor(ucab.dsw.entidades.PreguntaEncuesta --&gt; [DatabaseTable(pregunta_encuesta)])

Exception [EclipseLink-48] (Eclipse Persistence Services - 2.6.4.v20160829-44060b6): org.eclipse.persistence.exceptions.DescriptorException
Exception Description: Multiple writable mappings exist for the field [estudio.Id].  Only one may be defined as writable, all others must be specified read-only.
Mapping: org.eclipse.persistence.mappings.ManyToOneMapping[_solicitudEstudio]
Descriptor: RelationalDescriptor(ucab.dsw.entidades.Estudio --&gt; [DatabaseTable(estudio)])

Exception [EclipseLink-48] (Eclipse Persistence Services - 2.6.4.v20160829-44060b6): org.eclipse.persistence.exceptions.DescriptorException
Exception Description: Multiple writable mappings exist for the field [estudio.Id].  Only one may be defined as writable, all others must be specified read-only.
Mapping: org.eclipse.persistence.mappings.ManyToOneMapping[_usuario]
Descriptor: RelationalDescriptor(ucab.dsw.entidades.Estudio --&gt; [DatabaseTable(estudio)])

Exception [EclipseLink-48] (Eclipse Persistence Services - 2.6.4.v20160829-44060b6): org.eclipse.persistence.exceptions.DescriptorException
Exception Description: Multiple writable mappings exist for the field [telefono.Id].  Only one may be defined as writable, all others must be specified read-only.
Mapping: org.eclipse.persistence.mappings.ManyToOneMapping[_informacion]
Descriptor: RelationalDescriptor(ucab.dsw.entidades.Telefono --&gt; [DatabaseTable(telefono)])

Exception [EclipseLink-48] (Eclipse Persistence Services - 2.6.4.v20160829-44060b6): org.eclipse.persistence.exceptions.DescriptorException
Exception Description: Multiple writable mappings exist for the field [subcategoria.Id].  Only one may be defined as writable, all others must be specified read-only.
Mapping: org.eclipse.persistence.mappings.ManyToOneMapping[_categoria]
Descriptor: RelationalDescriptor(ucab.dsw.entidades.Subcategoria --&gt; [DatabaseTable(subcategoria)])

Exception [EclipseLink-48] (Eclipse Persistence Services - 2.6.4.v20160829-44060b6): org.eclipse.persistence.exceptions.DescriptorException
Exception Description: Multiple writable mappings exist for the field [producto.Id].  Only one may be defined as writable, all others must be specified read-only.
Mapping: org.eclipse.persistence.mappings.ManyToOneMapping[_marca]
Descriptor: RelationalDescriptor(ucab.dsw.entidades.Producto --&gt; [DatabaseTable(producto)])

Exception [EclipseLink-48] (Eclipse Persistence Services - 2.6.4.v20160829-44060b6): org.eclipse.persistence.exceptions.DescriptorException
Exception Description: Multiple writable mappings exist for the field [producto.Id].  Only one may be defined as writable, all others must be specified read-only.
Mapping: org.eclipse.persistence.mappings.ManyToOneMapping[_subcategoria]
Descriptor: RelationalDescriptor(ucab.dsw.entidades.Producto --&gt; [DatabaseTable(producto)])

Exception [EclipseLink-48] (Eclipse Persistence Services - 2.6.4.v20160829-44060b6): org.eclipse.persistence.exceptions.DescriptorException
Exception Description: Multiple writable mappings exist for the field [producto.Id].  Only one may be defined as writable, all others must be specified read-only.
Mapping: org.eclipse.persistence.mappings.ManyToOneMapping[_usuario]
Descriptor: RelationalDescriptor(ucab.dsw.entidades.Producto --&gt; [DatabaseTable(producto)])

Exception [EclipseLink-48] (Eclipse Persistence Services - 2.6.4.v20160829-44060b6): org.eclipse.persistence.exceptions.DescriptorException
Exception Description: Multiple writable mappings exist for the field [usuario.Id].  Only one may be defined as writable, all others must be specified read-only.
Mapping: org.eclipse.persistence.mappings.ManyToOneMapping[_rol]
Descriptor: RelationalDescriptor(ucab.dsw.entidades.Usuario --&gt; [DatabaseTable(usuario)])

Exception [EclipseLink-48] (Eclipse Persistence Services - 2.6.4.v20160829-44060b6): org.eclipse.persistence.exceptions.DescriptorException
Exception Description: Multiple writable mappings exist for the field [usuario.Id].  Only one may be defined as writable, all others must be specified read-only.
Mapping: org.eclipse.persistence.mappings.OneToOneMapping[_informacion]
Descriptor: RelationalDescriptor(ucab.dsw.entidades.Usuario --&gt; [DatabaseTable(usuario)])

Runtime Exceptions: 
---------------------------------------------------------

	at org.eclipse.persistence.exceptions.EntityManagerSetupException.deployFailed(EntityManagerSetupException.java:239)
	... 41 more
Caused by: Exception [EclipseLink-0] (Eclipse Persistence Services - 2.6.4.v20160829-44060b6): org.eclipse.persistence.exceptions.IntegrityException
Descriptor Exceptions: 
---------------------------------------------------------

Exception [EclipseLink-48] (Eclipse Persistence Services - 2.6.4.v20160829-44060b6): org.eclipse.persistence.exceptions.DescriptorException
Exception Description: Multiple writable mappings exist for the field [hijo.Id].  Only one may be defined as writable, all others must be specified read-only.
Mapping: org.eclipse.persistence.mappings.ManyToOneMapping[_informacion]
Descriptor: RelationalDescriptor(ucab.dsw.entidades.Hijo --&gt; [DatabaseTable(hijo)])

Exception [EclipseLink-48] (Eclipse Persistence Services - 2.6.4.v20160829-44060b6): org.eclipse.persistence.exceptions.DescriptorException
Exception Description: Multiple writable mappings exist for the field [lugar.Id].  Only one may be defined as writable, all others must be specified read-only.
Mapping: org.eclipse.persistence.mappings.ManyToOneMapping[_lugar]
Descriptor: RelationalDescriptor(ucab.dsw.entidades.Lugar --&gt; [DatabaseTable(lugar)])

Exception [EclipseLink-48] (Eclipse Persistence Services - 2.6.4.v20160829-44060b6): org.eclipse.persistence.exceptions.DescriptorException
Exception Description: Multiple writable mappings exist for the field [preguntas_estudio.Id].  Only one may be defined as writable, all others must be specified read-only.
Mapping: org.eclipse.persistence.mappings.ManyToOneMapping[_estudio]
Descriptor: RelationalDescriptor(ucab.dsw.entidades.PreguntaEstudio --&gt; [DatabaseTable(preguntas_estudio)])

Exception [EclipseLink-48] (Eclipse Persistence Services - 2.6.4.v20160829-44060b6): org.eclipse.persistence.exceptions.DescriptorException
Exception Description: Multiple writable mappings exist for the field [preguntas_estudio.Id].  Only one may be defined as writable, all others must be specified read-only.
Mapping: org.eclipse.persistence.mappings.ManyToOneMapping[_preguntaEncuesta]
Descriptor: RelationalDescriptor(ucab.dsw.entidades.PreguntaEstudio --&gt; [DatabaseTable(preguntas_estudio)])

Exception [EclipseLink-48] (Eclipse Persistence Services - 2.6.4.v20160829-44060b6): org.eclipse.persistence.exceptions.DescriptorException
Exception Description: Multiple writable mappings exist for the field [historico_estado.Id].  Only one may be defined as writable, all others must be specified read-only.
Mapping: org.eclipse.persistence.mappings.ManyToOneMapping[_usuario]
Descriptor: RelationalDescriptor(ucab.dsw.entidades.HistoricoEstado --&gt; [DatabaseTable(historico_estado)])

Exception [EclipseLink-48] (Eclipse Persistence Services - 2.6.4.v20160829-44060b6): org.eclipse.persistence.exceptions.DescriptorException
Exception Description: Multiple writable mappings exist for the field [respuesta.Id].  Only one may be defined as writable, all others must be specified read-only.
Mapping: org.eclipse.persistence.mappings.ManyToOneMapping[_preguntaEstudio]
Descriptor: RelationalDescriptor(ucab.dsw.entidades.Respuesta --&gt; [DatabaseTable(respuesta)])

Exception [EclipseLink-48] (Eclipse Persistence Services - 2.6.4.v20160829-44060b6): org.eclipse.persistence.exceptions.DescriptorException
Exception Description: Multiple writable mappings exist for the field [respuesta.Id].  Only one may be defined as writable, all others must be specified read-only.
Mapping: org.eclipse.persistence.mappings.ManyToOneMapping[_usuario]
Descriptor: RelationalDescriptor(ucab.dsw.entidades.Respuesta --&gt; [DatabaseTable(respuesta)])

Exception [EclipseLink-48] (Eclipse Persistence Services - 2.6.4.v20160829-44060b6): org.eclipse.persistence.exceptions.DescriptorException
Exception Description: Multiple writable mappings exist for the field [respuesta_pregunta.Id].  Only one may be defined as writable, all others must be specified read-only.
Mapping: org.eclipse.persistence.mappings.ManyToOneMapping[_preguntaEncuesta]
Descriptor: RelationalDescriptor(ucab.dsw.entidades.RespuestaPregunta --&gt; [DatabaseTable(respuesta_pregunta)])

Exception [EclipseLink-48] (Eclipse Persistence Services - 2.6.4.v20160829-44060b6): org.eclipse.persistence.exceptions.DescriptorException
Exception Description: Multiple writable mappings exist for the field [solicitud_estudio.Id].  Only one may be defined as writable, all others must be specified read-only.
Mapping: org.eclipse.persistence.mappings.ManyToOneMapping[_nivelEconomico]
Descriptor: RelationalDescriptor(ucab.dsw.entidades.SolicitudEstudio --&gt; [DatabaseTable(solicitud_estudio)])

Exception [EclipseLink-48] (Eclipse Persistence Services - 2.6.4.v20160829-44060b6): org.eclipse.persistence.exceptions.DescriptorException
Exception Description: Multiple writable mappings exist for the field [solicitud_estudio.Id].  Only one may be defined as writable, all others must be specified read-only.
Mapping: org.eclipse.persistence.mappings.ManyToOneMapping[_producto]
Descriptor: RelationalDescriptor(ucab.dsw.entidades.SolicitudEstudio --&gt; [DatabaseTable(solicitud_estudio)])

Exception [EclipseLink-48] (Eclipse Persistence Services - 2.6.4.v20160829-44060b6): org.eclipse.persistence.exceptions.DescriptorException
Exception Description: Multiple writable mappings exist for the field [solicitud_estudio.Id].  Only one may be defined as writable, all others must be specified read-only.
Mapping: org.eclipse.persistence.mappings.ManyToOneMapping[_usuario]
Descriptor: RelationalDescriptor(ucab.dsw.entidades.SolicitudEstudio --&gt; [DatabaseTable(solicitud_estudio)])

Exception [EclipseLink-48] (Eclipse Persistence Services - 2.6.4.v20160829-44060b6): org.eclipse.persistence.exceptions.DescriptorException
Exception Description: Multiple writable mappings exist for the field [presentacion.Id].  Only one may be defined as writable, all others must be specified read-only.
Mapping: org.eclipse.persistence.mappings.ManyToOneMapping[_producto]
Descriptor: RelationalDescriptor(ucab.dsw.entidades.Presentacion --&gt; [DatabaseTable(presentacion)])

Exception [EclipseLink-48] (Eclipse Persistence Services - 2.6.4.v20160829-44060b6): org.eclipse.persistence.exceptions.DescriptorException
Exception Description: Multiple writable mappings exist for the field [medio_comunicacion.Id].  Only one may be defined as writable, all others must be specified read-only.
Mapping: org.eclipse.persistence.mappings.ManyToOneMapping[_informacion]
Descriptor: RelationalDescriptor(ucab.dsw.entidades.MedioComunicacion --&gt; [DatabaseTable(medio_comunicacion)])

Exception [EclipseLink-48] (Eclipse Persistence Services - 2.6.4.v20160829-44060b6): org.eclipse.persistence.exceptions.DescriptorException
Exception Description: Multiple writable mappings exist for the field [medio_comunicacion.Id].  Only one may be defined as writable, all others must be specified read-only.
Mapping: org.eclipse.persistence.mappings.ManyToOneMapping[_solicitudEstudio]
Descriptor: RelationalDescriptor(ucab.dsw.entidades.MedioComunicacion --&gt; [DatabaseTable(medio_comunicacion)])

Exception [EclipseLink-48] (Eclipse Persistence Services - 2.6.4.v20160829-44060b6): org.eclipse.persistence.exceptions.DescriptorException
Exception Description: Multiple writable mappings exist for the field [tipo.Id].  Only one may be defined as writable, all others must be specified read-only.
Mapping: org.eclipse.persistence.mappings.ManyToOneMapping[_producto]
Descriptor: RelationalDescriptor(ucab.dsw.entidades.Tipo --&gt; [DatabaseTable(tipo)])

Exception [EclipseLink-48] (Eclipse Persistence Services - 2.6.4.v20160829-44060b6): org.eclipse.persistence.exceptions.DescriptorException
Exception Description: Multiple writable mappings exist for the field [informacion.Id].  Only one may be defined as writable, all others must be specified read-only.
Mapping: org.eclipse.persistence.mappings.ManyToOneMapping[_lugar]
Descriptor: RelationalDescriptor(ucab.dsw.entidades.Informacion --&gt; [DatabaseTable(informacion)])

Exception [EclipseLink-48] (Eclipse Persistence Services - 2.6.4.v20160829-44060b6): org.eclipse.persistence.exceptions.DescriptorException
Exception Description: Multiple writable mappings exist for the field [informacion.Id].  Only one may be defined as writable, all others must be specified read-only.
Mapping: org.eclipse.persistence.mappings.ManyToOneMapping[_nivelAcademico]
Descriptor: RelationalDescriptor(ucab.dsw.entidades.Informacion --&gt; [DatabaseTable(informacion)])

Exception [EclipseLink-48] (Eclipse Persistence Services - 2.6.4.v20160829-44060b6): org.eclipse.persistence.exceptions.DescriptorException
Exception Description: Multiple writable mappings exist for the field [informacion.Id].  Only one may be defined as writable, all others must be specified read-only.
Mapping: org.eclipse.persistence.mappings.ManyToOneMapping[_nivelEconomico]
Descriptor: RelationalDescriptor(ucab.dsw.entidades.Informacion --&gt; [DatabaseTable(informacion)])

Exception [EclipseLink-48] (Eclipse Persistence Services - 2.6.4.v20160829-44060b6): org.eclipse.persistence.exceptions.DescriptorException
Exception Description: Multiple writable mappings exist for the field [informacion.Id].  Only one may be defined as writable, all others must be specified read-only.
Mapping: org.eclipse.persistence.mappings.ManyToOneMapping[_ocupacion]
Descriptor: RelationalDescriptor(ucab.dsw.entidades.Informacion --&gt; [DatabaseTable(informacion)])

Exception [EclipseLink-48] (Eclipse Persistence Services - 2.6.4.v20160829-44060b6): org.eclipse.persistence.exceptions.DescriptorException
Exception Description: Multiple writable mappings exist for the field [pregunta_encuesta.Id].  Only one may be defined as writable, all others must be specified read-only.
Mapping: org.eclipse.persistence.mappings.ManyToOneMapping[_subcategoria]
Descriptor: RelationalDescriptor(ucab.dsw.entidades.PreguntaEncuesta --&gt; [DatabaseTable(pregunta_encuesta)])

Exception [EclipseLink-48] (Eclipse Persistence Services - 2.6.4.v20160829-44060b6): org.eclipse.persistence.exceptions.DescriptorException
Exception Description: Multiple writable mappings exist for the field [pregunta_encuesta.Id].  Only one may be defined as writable, all others must be specified read-only.
Mapping: org.eclipse.persistence.mappings.ManyToOneMapping[_usuario]
Descriptor: RelationalDescriptor(ucab.dsw.entidades.PreguntaEncuesta --&gt; [DatabaseTable(pregunta_encuesta)])

Exception [EclipseLink-48] (Eclipse Persistence Services - 2.6.4.v20160829-44060b6): org.eclipse.persistence.exceptions.DescriptorException
Exception Description: Multiple writable mappings exist for the field [estudio.Id].  Only one may be defined as writable, all others must be specified read-only.
Mapping: org.eclipse.persistence.mappings.ManyToOneMapping[_solicitudEstudio]
Descriptor: RelationalDescriptor(ucab.dsw.entidades.Estudio --&gt; [DatabaseTable(estudio)])

Exception [EclipseLink-48] (Eclipse Persistence Services - 2.6.4.v20160829-44060b6): org.eclipse.persistence.exceptions.DescriptorException
Exception Description: Multiple writable mappings exist for the field [estudio.Id].  Only one may be defined as writable, all others must be specified read-only.
Mapping: org.eclipse.persistence.mappings.ManyToOneMapping[_usuario]
Descriptor: RelationalDescriptor(ucab.dsw.entidades.Estudio --&gt; [DatabaseTable(estudio)])

Exception [EclipseLink-48] (Eclipse Persistence Services - 2.6.4.v20160829-44060b6): org.eclipse.persistence.exceptions.DescriptorException
Exception Description: Multiple writable mappings exist for the field [telefono.Id].  Only one may be defined as writable, all others must be specified read-only.
Mapping: org.eclipse.persistence.mappings.ManyToOneMapping[_informacion]
Descriptor: RelationalDescriptor(ucab.dsw.entidades.Telefono --&gt; [DatabaseTable(telefono)])

Exception [EclipseLink-48] (Eclipse Persistence Services - 2.6.4.v20160829-44060b6): org.eclipse.persistence.exceptions.DescriptorException
Exception Description: Multiple writable mappings exist for the field [subcategoria.Id].  Only one may be defined as writable, all others must be specified read-only.
Mapping: org.eclipse.persistence.mappings.ManyToOneMapping[_categoria]
Descriptor: RelationalDescriptor(ucab.dsw.entidades.Subcategoria --&gt; [DatabaseTable(subcategoria)])

Exception [EclipseLink-48] (Eclipse Persistence Services - 2.6.4.v20160829-44060b6): org.eclipse.persistence.exceptions.DescriptorException
Exception Description: Multiple writable mappings exist for the field [producto.Id].  Only one may be defined as writable, all others must be specified read-only.
Mapping: org.eclipse.persistence.mappings.ManyToOneMapping[_marca]
Descriptor: RelationalDescriptor(ucab.dsw.entidades.Producto --&gt; [DatabaseTable(producto)])

Exception [EclipseLink-48] (Eclipse Persistence Services - 2.6.4.v20160829-44060b6): org.eclipse.persistence.exceptions.DescriptorException
Exception Description: Multiple writable mappings exist for the field [producto.Id].  Only one may be defined as writable, all others must be specified read-only.
Mapping: org.eclipse.persistence.mappings.ManyToOneMapping[_subcategoria]
Descriptor: RelationalDescriptor(ucab.dsw.entidades.Producto --&gt; [DatabaseTable(producto)])

Exception [EclipseLink-48] (Eclipse Persistence Services - 2.6.4.v20160829-44060b6): org.eclipse.persistence.exceptions.DescriptorException
Exception Description: Multiple writable mappings exist for the field [producto.Id].  Only one may be defined as writable, all others must be specified read-only.
Mapping: org.eclipse.persistence.mappings.ManyToOneMapping[_usuario]
Descriptor: RelationalDescriptor(ucab.dsw.entidades.Producto --&gt; [DatabaseTable(producto)])

Exception [EclipseLink-48] (Eclipse Persistence Services - 2.6.4.v20160829-44060b6): org.eclipse.persistence.exceptions.DescriptorException
Exception Description: Multiple writable mappings exist for the field [usuario.Id].  Only one may be defined as writable, all others must be specified read-only.
Mapping: org.eclipse.persistence.mappings.ManyToOneMapping[_rol]
Descriptor: RelationalDescriptor(ucab.dsw.entidades.Usuario --&gt; [DatabaseTable(usuario)])

Exception [EclipseLink-48] (Eclipse Persistence Services - 2.6.4.v20160829-44060b6): org.eclipse.persistence.exceptions.DescriptorException
Exception Description: Multiple writable mappings exist for the field [usuario.Id].  Only one may be defined as writable, all others must be specified read-only.
Mapping: org.eclipse.persistence.mappings.OneToOneMapping[_informacion]
Descriptor: RelationalDescriptor(ucab.dsw.entidades.Usuario --&gt; [DatabaseTable(usuario)])

Runtime Exceptions: 
---------------------------------------------------------

	at org.eclipse.persistence.internal.sessions.DatabaseSessionImpl.initializeDescriptors(DatabaseSessionImpl.java:715)
	at org.eclipse.persistence.internal.sessions.DatabaseSessionImpl.initializeDescriptors(DatabaseSessionImpl.java:651)
	at org.eclipse.persistence.internal.sessions.DatabaseSessionImpl.initializeDescriptors(DatabaseSessionImpl.java:582)
	at org.eclipse.persistence.internal.sessions.DatabaseSessionImpl.postConnectDatasource(DatabaseSessionImpl.java:818)
	at org.eclipse.persistence.internal.sessions.DatabaseSessionImpl.loginAndDetectDatasource(DatabaseSessionImpl.java:762)
	at org.eclipse.persistence.internal.jpa.EntityManagerFactoryProvider.login(EntityManagerFactoryProvider.java:265)
	at org.eclipse.persistence.internal.jpa.EntityManagerSetupImpl.deploy(EntityManagerSetupImpl.java:731)
	... 39 more
</error>
    <system-out>[EL Fine]: server: 2020-12-02 12:42:35.139--Thread(Thread[main,5,main])--Configured server platform: org.eclipse.persistence.platform.server.NoServerPlatform
[EL Config]: metadata: 2020-12-02 12:42:35.487--ServerSession(1048027629)--Thread(Thread[main,5,main])--The access type for the persistent class [class ucab.dsw.entidades.EntidadBase] is set to [FIELD].
[EL Config]: metadata: 2020-12-02 12:42:35.535--ServerSession(1048027629)--Thread(Thread[main,5,main])--The access type for the persistent class [class ucab.dsw.entidades.Marca] is set to [FIELD].
[EL Config]: metadata: 2020-12-02 12:42:35.55--ServerSession(1048027629)--Thread(Thread[main,5,main])--The target entity (reference) class for the one to many mapping element [field _productos] is being defaulted to: class ucab.dsw.entidades.Producto.
[EL Config]: metadata: 2020-12-02 12:42:35.551--ServerSession(1048027629)--Thread(Thread[main,5,main])--The access type for the persistent class [class ucab.dsw.entidades.NivelEconomico] is set to [FIELD].
[EL Config]: metadata: 2020-12-02 12:42:35.552--ServerSession(1048027629)--Thread(Thread[main,5,main])--The target entity (reference) class for the one to many mapping element [field _informaciones] is being defaulted to: class ucab.dsw.entidades.Informacion.
[EL Config]: metadata: 2020-12-02 12:42:35.552--ServerSession(1048027629)--Thread(Thread[main,5,main])--The target entity (reference) class for the one to many mapping element [field _solicitudEstudio] is being defaulted to: class ucab.dsw.entidades.SolicitudEstudio.
[EL Config]: metadata: 2020-12-02 12:42:35.553--ServerSession(1048027629)--Thread(Thread[main,5,main])--The access type for the persistent class [class ucab.dsw.entidades.Informacion] is set to [FIELD].
[EL Config]: metadata: 2020-12-02 12:42:35.556--ServerSession(1048027629)--Thread(Thread[main,5,main])--The target entity (reference) class for the many to one mapping element [field _nivelAcademico] is being defaulted to: class ucab.dsw.entidades.NivelAcademico.
[EL Config]: metadata: 2020-12-02 12:42:35.557--ServerSession(1048027629)--Thread(Thread[main,5,main])--The target entity (reference) class for the one to many mapping element [field _telefonos] is being defaulted to: class ucab.dsw.entidades.Telefono.
[EL Config]: metadata: 2020-12-02 12:42:35.558--ServerSession(1048027629)--Thread(Thread[main,5,main])--The target entity (reference) class for the many to one mapping element [field _ocupacion] is being defaulted to: class ucab.dsw.entidades.Ocupacion.
[EL Config]: metadata: 2020-12-02 12:42:35.558--ServerSession(1048027629)--Thread(Thread[main,5,main])--The target entity (reference) class for the one to many mapping element [field _medioComunicaciones] is being defaulted to: class ucab.dsw.entidades.MedioComunicacion.
[EL Config]: metadata: 2020-12-02 12:42:35.558--ServerSession(1048027629)--Thread(Thread[main,5,main])--The target entity (reference) class for the one to many mapping element [field _hijos] is being defaulted to: class ucab.dsw.entidades.Hijo.
[EL Config]: metadata: 2020-12-02 12:42:35.559--ServerSession(1048027629)--Thread(Thread[main,5,main])--The target entity (reference) class for the one to one mapping element [field _usuario] is being defaulted to: class ucab.dsw.entidades.Usuario.
[EL Config]: metadata: 2020-12-02 12:42:35.56--ServerSession(1048027629)--Thread(Thread[main,5,main])--The target entity (reference) class for the many to one mapping element [field _lugar] is being defaulted to: class ucab.dsw.entidades.Lugar.
[EL Config]: metadata: 2020-12-02 12:42:35.56--ServerSession(1048027629)--Thread(Thread[main,5,main])--The target entity (reference) class for the many to one mapping element [field _nivelEconomico] is being defaulted to: class ucab.dsw.entidades.NivelEconomico.
[EL Config]: metadata: 2020-12-02 12:42:35.561--ServerSession(1048027629)--Thread(Thread[main,5,main])--The access type for the persistent class [class ucab.dsw.entidades.HistoricoEstado] is set to [FIELD].
[EL Config]: metadata: 2020-12-02 12:42:35.561--ServerSession(1048027629)--Thread(Thread[main,5,main])--The target entity (reference) class for the many to one mapping element [field _usuario] is being defaulted to: class ucab.dsw.entidades.Usuario.
[EL Config]: metadata: 2020-12-02 12:42:35.562--ServerSession(1048027629)--Thread(Thread[main,5,main])--The access type for the persistent class [class ucab.dsw.entidades.SolicitudEstudio] is set to [FIELD].
[EL Config]: metadata: 2020-12-02 12:42:35.562--ServerSession(1048027629)--Thread(Thread[main,5,main])--The target entity (reference) class for the many to one mapping element [field _nivelEconomico] is being defaulted to: class ucab.dsw.entidades.NivelEconomico.
[EL Config]: metadata: 2020-12-02 12:42:35.563--ServerSession(1048027629)--Thread(Thread[main,5,main])--The target entity (reference) class for the many to one mapping element [field _usuario] is being defaulted to: class ucab.dsw.entidades.Usuario.
[EL Config]: metadata: 2020-12-02 12:42:35.564--ServerSession(1048027629)--Thread(Thread[main,5,main])--The target entity (reference) class for the one to many mapping element [field _mediosComunicaciones] is being defaulted to: class ucab.dsw.entidades.MedioComunicacion.
[EL Config]: metadata: 2020-12-02 12:42:35.564--ServerSession(1048027629)--Thread(Thread[main,5,main])--The target entity (reference) class for the one to many mapping element [field _estudios] is being defaulted to: class ucab.dsw.entidades.Estudio.
[EL Config]: metadata: 2020-12-02 12:42:35.565--ServerSession(1048027629)--Thread(Thread[main,5,main])--The target entity (reference) class for the many to one mapping element [field _producto] is being defaulted to: class ucab.dsw.entidades.Producto.
[EL Config]: metadata: 2020-12-02 12:42:35.565--ServerSession(1048027629)--Thread(Thread[main,5,main])--The access type for the persistent class [class ucab.dsw.entidades.Lugar] is set to [FIELD].
[EL Config]: metadata: 2020-12-02 12:42:35.566--ServerSession(1048027629)--Thread(Thread[main,5,main])--The target entity (reference) class for the many to one mapping element [field _lugar] is being defaulted to: class ucab.dsw.entidades.Lugar.
[EL Config]: metadata: 2020-12-02 12:42:35.566--ServerSession(1048027629)--Thread(Thread[main,5,main])--The target entity (reference) class for the one to many mapping element [field _informaciones] is being defaulted to: class ucab.dsw.entidades.Informacion.
[EL Config]: metadata: 2020-12-02 12:42:35.566--ServerSession(1048027629)--Thread(Thread[main,5,main])--The target entity (reference) class for the one to many mapping element [field _lugares] is being defaulted to: class ucab.dsw.entidades.Lugar.
[EL Config]: metadata: 2020-12-02 12:42:35.567--ServerSession(1048027629)--Thread(Thread[main,5,main])--The access type for the persistent class [class ucab.dsw.entidades.Estudio] is set to [FIELD].
[EL Config]: metadata: 2020-12-02 12:42:35.568--ServerSession(1048027629)--Thread(Thread[main,5,main])--The target entity (reference) class for the many to one mapping element [field _usuario] is being defaulted to: class ucab.dsw.entidades.Usuario.
[EL Config]: metadata: 2020-12-02 12:42:35.568--ServerSession(1048027629)--Thread(Thread[main,5,main])--The target entity (reference) class for the many to one mapping element [field _solicitudEstudio] is being defaulted to: class ucab.dsw.entidades.SolicitudEstudio.
[EL Config]: metadata: 2020-12-02 12:42:35.569--ServerSession(1048027629)--Thread(Thread[main,5,main])--The target entity (reference) class for the one to many mapping element [field _preguntasEstudios] is being defaulted to: class ucab.dsw.entidades.PreguntaEstudio.
[EL Config]: metadata: 2020-12-02 12:42:35.569--ServerSession(1048027629)--Thread(Thread[main,5,main])--The access type for the persistent class [class ucab.dsw.entidades.NivelAcademico] is set to [FIELD].
[EL Config]: metadata: 2020-12-02 12:42:35.57--ServerSession(1048027629)--Thread(Thread[main,5,main])--The target entity (reference) class for the one to many mapping element [field _informaciones] is being defaulted to: class ucab.dsw.entidades.Informacion.
[EL Config]: metadata: 2020-12-02 12:42:35.571--ServerSession(1048027629)--Thread(Thread[main,5,main])--The access type for the persistent class [class ucab.dsw.entidades.Ocupacion] is set to [FIELD].
[EL Config]: metadata: 2020-12-02 12:42:35.571--ServerSession(1048027629)--Thread(Thread[main,5,main])--The target entity (reference) class for the one to many mapping element [field _informaciones] is being defaulted to: class ucab.dsw.entidades.Informacion.
[EL Config]: metadata: 2020-12-02 12:42:35.572--ServerSession(1048027629)--Thread(Thread[main,5,main])--The access type for the persistent class [class ucab.dsw.entidades.Usuario] is set to [FIELD].
[EL Config]: metadata: 2020-12-02 12:42:35.572--ServerSession(1048027629)--Thread(Thread[main,5,main])--The target entity (reference) class for the one to many mapping element [field _historicoEstados] is being defaulted to: class ucab.dsw.entidades.HistoricoEstado.
[EL Config]: metadata: 2020-12-02 12:42:35.572--ServerSession(1048027629)--Thread(Thread[main,5,main])--The target entity (reference) class for the one to many mapping element [field _solicitudEstudios] is being defaulted to: class ucab.dsw.entidades.SolicitudEstudio.
[EL Config]: metadata: 2020-12-02 12:42:35.573--ServerSession(1048027629)--Thread(Thread[main,5,main])--The target entity (reference) class for the one to one mapping element [field _informacion] is being defaulted to: class ucab.dsw.entidades.Informacion.
[EL Config]: metadata: 2020-12-02 12:42:35.573--ServerSession(1048027629)--Thread(Thread[main,5,main])--The target entity (reference) class for the one to many mapping element [field _productos] is being defaulted to: class ucab.dsw.entidades.Producto.
[EL Config]: metadata: 2020-12-02 12:42:35.574--ServerSession(1048027629)--Thread(Thread[main,5,main])--The target entity (reference) class for the many to one mapping element [field _rol] is being defaulted to: class ucab.dsw.entidades.Rol.
[EL Config]: metadata: 2020-12-02 12:42:35.574--ServerSession(1048027629)--Thread(Thread[main,5,main])--The target entity (reference) class for the one to many mapping element [field _estudios] is being defaulted to: class ucab.dsw.entidades.Estudio.
[EL Config]: metadata: 2020-12-02 12:42:35.574--ServerSession(1048027629)--Thread(Thread[main,5,main])--The target entity (reference) class for the one to many mapping element [field _respuestas] is being defaulted to: class ucab.dsw.entidades.Respuesta.
[EL Config]: metadata: 2020-12-02 12:42:35.575--ServerSession(1048027629)--Thread(Thread[main,5,main])--The target entity (reference) class for the one to many mapping element [field _preguntaEncuestas] is being defaulted to: class ucab.dsw.entidades.PreguntaEncuesta.
[EL Config]: metadata: 2020-12-02 12:42:35.575--ServerSession(1048027629)--Thread(Thread[main,5,main])--The access type for the persistent class [class ucab.dsw.entidades.Tipo] is set to [FIELD].
[EL Config]: metadata: 2020-12-02 12:42:35.576--ServerSession(1048027629)--Thread(Thread[main,5,main])--The target entity (reference) class for the many to one mapping element [field _producto] is being defaulted to: class ucab.dsw.entidades.Producto.
[EL Config]: metadata: 2020-12-02 12:42:35.576--ServerSession(1048027629)--Thread(Thread[main,5,main])--The access type for the persistent class [class ucab.dsw.entidades.Producto] is set to [FIELD].
[EL Config]: metadata: 2020-12-02 12:42:35.577--ServerSession(1048027629)--Thread(Thread[main,5,main])--The target entity (reference) class for the one to many mapping element [field _tipos] is being defaulted to: class ucab.dsw.entidades.Tipo.
[EL Config]: metadata: 2020-12-02 12:42:35.577--ServerSession(1048027629)--Thread(Thread[main,5,main])--The target entity (reference) class for the one to many mapping element [field _solicitudEstudios] is being defaulted to: class ucab.dsw.entidades.SolicitudEstudio.
[EL Config]: metadata: 2020-12-02 12:42:35.577--ServerSession(1048027629)--Thread(Thread[main,5,main])--The target entity (reference) class for the many to one mapping element [field _subcategoria] is being defaulted to: class ucab.dsw.entidades.Subcategoria.
[EL Config]: metadata: 2020-12-02 12:42:35.577--ServerSession(1048027629)--Thread(Thread[main,5,main])--The target entity (reference) class for the many to one mapping element [field _marca] is being defaulted to: class ucab.dsw.entidades.Marca.
[EL Config]: metadata: 2020-12-02 12:42:35.578--ServerSession(1048027629)--Thread(Thread[main,5,main])--The target entity (reference) class for the one to many mapping element [field _presentaciones] is being defaulted to: class ucab.dsw.entidades.Presentacion.
[EL Config]: metadata: 2020-12-02 12:42:35.578--ServerSession(1048027629)--Thread(Thread[main,5,main])--The target entity (reference) class for the many to one mapping element [field _usuario] is being defaulted to: class ucab.dsw.entidades.Usuario.
[EL Config]: metadata: 2020-12-02 12:42:35.578--ServerSession(1048027629)--Thread(Thread[main,5,main])--The access type for the persistent class [class ucab.dsw.entidades.PreguntaEncuesta] is set to [FIELD].
[EL Config]: metadata: 2020-12-02 12:42:35.579--ServerSession(1048027629)--Thread(Thread[main,5,main])--The target entity (reference) class for the many to one mapping element [field _subcategoria] is being defaulted to: class ucab.dsw.entidades.Subcategoria.
[EL Config]: metadata: 2020-12-02 12:42:35.579--ServerSession(1048027629)--Thread(Thread[main,5,main])--The target entity (reference) class for the one to many mapping element [field _respuestaPreguntas] is being defaulted to: class ucab.dsw.entidades.RespuestaPregunta.
[EL Config]: metadata: 2020-12-02 12:42:35.58--ServerSession(1048027629)--Thread(Thread[main,5,main])--The target entity (reference) class for the many to one mapping element [field _usuario] is being defaulted to: class ucab.dsw.entidades.Usuario.
[EL Config]: metadata: 2020-12-02 12:42:35.58--ServerSession(1048027629)--Thread(Thread[main,5,main])--The target entity (reference) class for the one to many mapping element [field _preguntasEstudios] is being defaulted to: class ucab.dsw.entidades.PreguntaEstudio.
[EL Config]: metadata: 2020-12-02 12:42:35.581--ServerSession(1048027629)--Thread(Thread[main,5,main])--The access type for the persistent class [class ucab.dsw.entidades.Respuesta] is set to [FIELD].
[EL Config]: metadata: 2020-12-02 12:42:35.582--ServerSession(1048027629)--Thread(Thread[main,5,main])--The target entity (reference) class for the many to one mapping element [field _preguntaEstudio] is being defaulted to: class ucab.dsw.entidades.PreguntaEstudio.
[EL Config]: metadata: 2020-12-02 12:42:35.582--ServerSession(1048027629)--Thread(Thread[main,5,main])--The target entity (reference) class for the many to one mapping element [field _usuario] is being defaulted to: class ucab.dsw.entidades.Usuario.
[EL Config]: metadata: 2020-12-02 12:42:35.583--ServerSession(1048027629)--Thread(Thread[main,5,main])--The access type for the persistent class [class ucab.dsw.entidades.Presentacion] is set to [FIELD].
[...]
Mapping: org.eclipse.persistence.mappings.ManyToOneMapping[_usuario]
Descriptor: RelationalDescriptor(ucab.dsw.entidades.PreguntaEncuesta --&gt; [DatabaseTable(pregunta_encuesta)])

Exception [EclipseLink-48] (Eclipse Persistence Services - 2.6.4.v20160829-44060b6): org.eclipse.persistence.exceptions.DescriptorException
Exception Description: Multiple writable mappings exist for the field [estudio.Id].  Only one may be defined as writable, all others must be specified read-only.
Mapping: org.eclipse.persistence.mappings.ManyToOneMapping[_solicitudEstudio]
Descriptor: RelationalDescriptor(ucab.dsw.entidades.Estudio --&gt; [DatabaseTable(estudio)])

Exception [EclipseLink-48] (Eclipse Persistence Services - 2.6.4.v20160829-44060b6): org.eclipse.persistence.exceptions.DescriptorException
Exception Description: Multiple writable mappings exist for the field [estudio.Id].  Only one may be defined as writable, all others must be specified read-only.
Mapping: org.eclipse.persistence.mappings.ManyToOneMapping[_usuario]
Descriptor: RelationalDescriptor(ucab.dsw.entidades.Estudio --&gt; [DatabaseTable(estudio)])

Exception [EclipseLink-48] (Eclipse Persistence Services - 2.6.4.v20160829-44060b6): org.eclipse.persistence.exceptions.DescriptorException
Exception Description: Multiple writable mappings exist for the field [telefono.Id].  Only one may be defined as writable, all others must be specified read-only.
Mapping: org.eclipse.persistence.mappings.ManyToOneMapping[_informacion]
Descriptor: RelationalDescriptor(ucab.dsw.entidades.Telefono --&gt; [DatabaseTable(telefono)])

Exception [EclipseLink-48] (Eclipse Persistence Services - 2.6.4.v20160829-44060b6): org.eclipse.persistence.exceptions.DescriptorException
Exception Description: Multiple writable mappings exist for the field [subcategoria.Id].  Only one may be defined as writable, all others must be specified read-only.
Mapping: org.eclipse.persistence.mappings.ManyToOneMapping[_categoria]
Descriptor: RelationalDescriptor(ucab.dsw.entidades.Subcategoria --&gt; [DatabaseTable(subcategoria)])

Exception [EclipseLink-48] (Eclipse Persistence Services - 2.6.4.v20160829-44060b6): org.eclipse.persistence.exceptions.DescriptorException
Exception Description: Multiple writable mappings exist for the field [producto.Id].  Only one may be defined as writable, all others must be specified read-only.
Mapping: org.eclipse.persistence.mappings.ManyToOneMapping[_marca]
Descriptor: RelationalDescriptor(ucab.dsw.entidades.Producto --&gt; [DatabaseTable(producto)])

Exception [EclipseLink-48] (Eclipse Persistence Services - 2.6.4.v20160829-44060b6): org.eclipse.persistence.exceptions.DescriptorException
Exception Description: Multiple writable mappings exist for the field [producto.Id].  Only one may be defined as writable, all others must be specified read-only.
Mapping: org.eclipse.persistence.mappings.ManyToOneMapping[_subcategoria]
Descriptor: RelationalDescriptor(ucab.dsw.entidades.Producto --&gt; [DatabaseTable(producto)])

Exception [EclipseLink-48] (Eclipse Persistence Services - 2.6.4.v20160829-44060b6): org.eclipse.persistence.exceptions.DescriptorException
Exception Description: Multiple writable mappings exist for the field [producto.Id].  Only one may be defined as writable, all others must be specified read-only.
Mapping: org.eclipse.persistence.mappings.ManyToOneMapping[_usuario]
Descriptor: RelationalDescriptor(ucab.dsw.entidades.Producto --&gt; [DatabaseTable(producto)])

Exception [EclipseLink-48] (Eclipse Persistence Services - 2.6.4.v20160829-44060b6): org.eclipse.persistence.exceptions.DescriptorException
Exception Description: Multiple writable mappings exist for the field [usuario.Id].  Only one may be defined as writable, all others must be specified read-only.
Mapping: org.eclipse.persistence.mappings.ManyToOneMapping[_rol]
Descriptor: RelationalDescriptor(ucab.dsw.entidades.Usuario --&gt; [DatabaseTable(usuario)])

Exception [EclipseLink-48] (Eclipse Persistence Services - 2.6.4.v20160829-44060b6): org.eclipse.persistence.exceptions.DescriptorException
Exception Description: Multiple writable mappings exist for the field [usuario.Id].  Only one may be defined as writable, all others must be specified read-only.
Mapping: org.eclipse.persistence.mappings.OneToOneMapping[_informacion]
Descriptor: RelationalDescriptor(ucab.dsw.entidades.Usuario --&gt; [DatabaseTable(usuario)])

Runtime Exceptions: 
---------------------------------------------------------

[EL Config]: connection: 2020-12-02 12:42:38.302--ServerSession(1048027629)--Connection(1197251633)--Thread(Thread[main,5,main])--disconnect
[EL Info]: connection: 2020-12-02 12:42:38.303--ServerSession(1048027629)--Thread(Thread[main,5,main])--/file:/C:/Users/Emanuel/Documents/NetBeansProjects/DS-MercadeoUCAB-Version v1 (Emanuel)/mercadeoUcab-master/accesodatos/target/accesodatos-1.0-SNAPSHOT.jar_mercadeoUcabPU logout successful
[EL Config]: connection: 2020-12-02 12:42:38.303--ServerSession(1048027629)--Connection(1848125895)--Thread(Thread[main,5,main])--disconnect
[EL Severe]: ejb: 2020-12-02 12:42:38.318--ServerSession(1048027629)--Thread(Thread[main,5,main])--Exception [EclipseLink-0] (Eclipse Persistence Services - 2.6.4.v20160829-44060b6): org.eclipse.persistence.exceptions.IntegrityException
Descriptor Exceptions: 
---------------------------------------------------------

Exception [EclipseLink-48] (Eclipse Persistence Services - 2.6.4.v20160829-44060b6): org.eclipse.persistence.exceptions.DescriptorException
Exception Description: Multiple writable mappings exist for the field [hijo.Id].  Only one may be defined as writable, all others must be specified read-only.
Mapping: org.eclipse.persistence.mappings.ManyToOneMapping[_informacion]
Descriptor: RelationalDescriptor(ucab.dsw.entidades.Hijo --&gt; [DatabaseTable(hijo)])

Exception [EclipseLink-48] (Eclipse Persistence Services - 2.6.4.v20160829-44060b6): org.eclipse.persistence.exceptions.DescriptorException
Exception Description: Multiple writable mappings exist for the field [lugar.Id].  Only one may be defined as writable, all others must be specified read-only.
Mapping: org.eclipse.persistence.mappings.ManyToOneMapping[_lugar]
Descriptor: RelationalDescriptor(ucab.dsw.entidades.Lugar --&gt; [DatabaseTable(lugar)])

Exception [EclipseLink-48] (Eclipse Persistence Services - 2.6.4.v20160829-44060b6): org.eclipse.persistence.exceptions.DescriptorException
Exception Description: Multiple writable mappings exist for the field [preguntas_estudio.Id].  Only one may be defined as writable, all others must be specified read-only.
Mapping: org.eclipse.persistence.mappings.ManyToOneMapping[_estudio]
Descriptor: RelationalDescriptor(ucab.dsw.entidades.PreguntaEstudio --&gt; [DatabaseTable(preguntas_estudio)])

Exception [EclipseLink-48] (Eclipse Persistence Services - 2.6.4.v20160829-44060b6): org.eclipse.persistence.exceptions.DescriptorException
Exception Description: Multiple writable mappings exist for the field [preguntas_estudio.Id].  Only one may be defined as writable, all others must be specified read-only.
Mapping: org.eclipse.persistence.mappings.ManyToOneMapping[_preguntaEncuesta]
Descriptor: RelationalDescriptor(ucab.dsw.entidades.PreguntaEstudio --&gt; [DatabaseTable(preguntas_estudio)])

Exception [EclipseLink-48] (Eclipse Persistence Services - 2.6.4.v20160829-44060b6): org.eclipse.persistence.exceptions.DescriptorException
Exception Description: Multiple writable mappings exist for the field [historico_estado.Id].  Only one may be defined as writable, all others must be specified read-only.
Mapping: org.eclipse.persistence.mappings.ManyToOneMapping[_usuario]
Descriptor: RelationalDescriptor(ucab.dsw.entidades.HistoricoEstado --&gt; [DatabaseTable(historico_estado)])

Exception [EclipseLink-48] (Eclipse Persistence Services - 2.6.4.v20160829-44060b6): org.eclipse.persistence.exceptions.DescriptorException
Exception Description: Multiple writable mappings exist for the field [respuesta.Id].  Only one may be defined as writable, all others must be specified read-only.
Mapping: org.eclipse.persistence.mappings.ManyToOneMapping[_preguntaEstudio]
Descriptor: RelationalDescriptor(ucab.dsw.entidades.Respuesta --&gt; [DatabaseTable(respuesta)])

Exception [EclipseLink-48] (Eclipse Persistence Services - 2.6.4.v20160829-44060b6): org.eclipse.persistence.exceptions.DescriptorException
Exception Description: Multiple writable mappings exist for the field [respuesta.Id].  Only one may be defined as writable, all others must be specified read-only.
Mapping: org.eclipse.persistence.mappings.ManyToOneMapping[_usuario]
Descriptor: RelationalDescriptor(ucab.dsw.entidades.Respuesta --&gt; [DatabaseTable(respuesta)])

Exception [EclipseLink-48] (Eclipse Persistence Services - 2.6.4.v20160829-44060b6): org.eclipse.persistence.exceptions.DescriptorException
Exception Description: Multiple writable mappings exist for the field [respuesta_pregunta.Id].  Only one may be defined as writable, all others must be specified read-only.
Mapping: org.eclipse.persistence.mappings.ManyToOneMapping[_preguntaEncuesta]
Descriptor: RelationalDescriptor(ucab.dsw.entidades.RespuestaPregunta --&gt; [DatabaseTable(respuesta_pregunta)])

Exception [EclipseLink-48] (Eclipse Persistence Services - 2.6.4.v20160829-44060b6): org.eclipse.persistence.exceptions.DescriptorException
Exception Description: Multiple writable mappings exist for the field [solicitud_estudio.Id].  Only one may be defined as writable, all others must be specified read-only.
Mapping: org.eclipse.persistence.mappings.ManyToOneMapping[_nivelEconomico]
Descriptor: RelationalDescriptor(ucab.dsw.entidades.SolicitudEstudio --&gt; [DatabaseTable(solicitud_estudio)])

Exception [EclipseLink-48] (Eclipse Persistence Services - 2.6.4.v20160829-44060b6): org.eclipse.persistence.exceptions.DescriptorException
Exception Description: Multiple writable mappings exist for the field [solicitud_estudio.Id].  Only one may be defined as writable, all others must be specified read-only.
Mapping: org.eclipse.persistence.mappings.ManyToOneMapping[_producto]
Descriptor: RelationalDescriptor(ucab.dsw.entidades.SolicitudEstudio --&gt; [DatabaseTable(solicitud_estudio)])

Exception [EclipseLink-48] (Eclipse Persistence Services - 2.6.4.v20160829-44060b6): org.eclipse.persistence.exceptions.DescriptorException
Exception Description: Multiple writable mappings exist for the field [solicitud_estudio.Id].  Only one may be defined as writable, all others must be specified read-only.
Mapping: org.eclipse.persistence.mappings.ManyToOneMapping[_usuario]
Descriptor: RelationalDescriptor(ucab.dsw.entidades.SolicitudEstudio --&gt; [DatabaseTable(solicitud_estudio)])

Exception [EclipseLink-48] (Eclipse Persistence Services - 2.6.4.v20160829-44060b6): org.eclipse.persistence.exceptions.DescriptorException
Exception Description: Multiple writable mappings exist for the field [presentacion.Id].  Only one may be defined as writable, all others must be specified read-only.
Mapping: org.eclipse.persistence.mappings.ManyToOneMapping[_producto]
Descriptor: RelationalDescriptor(ucab.dsw.entidades.Presentacion --&gt; [DatabaseTable(presentacion)])

Exception [EclipseLink-48] (Eclipse Persistence Services - 2.6.4.v20160829-44060b6): org.eclipse.persistence.exceptions.DescriptorException
Exception Description: Multiple writable mappings exist for the field [medio_comunicacion.Id].  Only one may be defined as writable, all others must be specified read-only.
Mapping: org.eclipse.persistence.mappings.ManyToOneMapping[_informacion]
Descriptor: RelationalDescriptor(ucab.dsw.entidades.MedioComunicacion --&gt; [DatabaseTable(medio_comunicacion)])

Exception [EclipseLink-48] (Eclipse Persistence Services - 2.6.4.v20160829-44060b6): org.eclipse.persistence.exceptions.DescriptorException
Exception Description: Multiple writable mappings exist for the field [medio_comunicacion.Id].  Only one may be defined as writable, all others must be specified read-only.
Mapping: org.eclipse.persistence.mappings.ManyToOneMapping[_solicitudEstudio]
Descriptor: RelationalDescriptor(ucab.dsw.entidades.MedioComunicacion --&gt; [DatabaseTable(medio_comunicacion)])

Exception [EclipseLink-48] (Eclipse Persistence Services - 2.6.4.v20160829-44060b6): org.eclipse.persistence.exceptions.DescriptorException
Exception Description: Multiple writable mappings exist for the field [tipo.Id].  Only one may be defined as writable, all others must be specified read-only.
Mapping: org.eclipse.persistence.mappings.ManyToOneMapping[_producto]
Descriptor: RelationalDescriptor(ucab.dsw.entidades.Tipo --&gt; [DatabaseTable(tipo)])

Exception [EclipseLink-48] (Eclipse Persistence Services - 2.6.4.v20160829-44060b6): org.eclipse.persistence.exceptions.DescriptorException
Exception Description: Multiple writable mappings exist for the field [informacion.Id].  Only one may be defined as writable, all others must be specified read-only.
Mapping: org.eclipse.persistence.mappings.ManyToOneMapping[_lugar]
Descriptor: RelationalDescriptor(ucab.dsw.entidades.Informacion --&gt; [DatabaseTable(informacion)])

Exception [EclipseLink-48] (Eclipse Persistence Services - 2.6.4.v20160829-44060b6): org.eclipse.persistence.exceptions.DescriptorException
Exception Description: Multiple writable mappings exist for the field [informacion.Id].  Only one may be defined as writable, all others must be specified read-only.
Mapping: org.eclipse.persistence.mappings.ManyToOneMapping[_nivelAcademico]
Descriptor: RelationalDescriptor(ucab.dsw.entidades.Informacion --&gt; [DatabaseTable(informacion)])

Exception [EclipseLink-48] (Eclipse Persistence Services - 2.6.4.v20160829-44060b6): org.eclipse.persistence.exceptions.DescriptorException
Exception Description: Multiple writable mappings exist for the field [informacion.Id].  Only one may be defined as writable, all others must be specified read-only.
Mapping: org.eclipse.persistence.mappings.ManyToOneMapping[_nivelEconomico]
Descriptor: RelationalDescriptor(ucab.dsw.entidades.Informacion --&gt; [DatabaseTable(informacion)])

Exception [EclipseLink-48] (Eclipse Persistence Services - 2.6.4.v20160829-44060b6): org.eclipse.persistence.exceptions.DescriptorException
Exception Description: Multiple writable mappings exist for the field [informacion.Id].  Only one may be defined as writable, all others must be specified read-only.
Mapping: org.eclipse.persistence.mappings.ManyToOneMapping[_ocupacion]
Descriptor: RelationalDescriptor(ucab.dsw.entidades.Informacion --&gt; [DatabaseTable(informacion)])

Exception [EclipseLink-48] (Eclipse Persistence Services - 2.6.4.v20160829-44060b6): org.eclipse.persistence.exceptions.DescriptorException
Exception Description: Multiple writable mappings exist for the field [pregunta_encuesta.Id].  Only one may be defined as writable, all others must be specified read-only.
Mapping: org.eclipse.persistence.mappings.ManyToOneMapping[_subcategoria]
Descriptor: RelationalDescriptor(ucab.dsw.entidades.PreguntaEncuesta --&gt; [DatabaseTable(pregunta_encuesta)])

Exception [EclipseLink-48] (Eclipse Persistence Services - 2.6.4.v20160829-44060b6): org.eclipse.persistence.exceptions.DescriptorException
Exception Description: Multiple writable mappings exist for the field [pregunta_encuesta.Id].  Only one may be defined as writable, all others must be specified read-only.
Mapping: org.eclipse.persistence.mappings.ManyToOneMapping[_usuario]
Descriptor: RelationalDescriptor(ucab.dsw.entidades.PreguntaEncuesta --&gt; [DatabaseTable(pregunta_encuesta)])

Exception [EclipseLink-48] (Eclipse Persistence Services - 2.6.4.v20160829-44060b6): org.eclipse.persistence.exceptions.DescriptorException
Exception Description: Multiple writable mappings exist for the field [estudio.Id].  Only one may be defined as writable, all others must be specified read-only.
Mapping: org.eclipse.persistence.mappings.ManyToOneMapping[_solicitudEstudio]
Descriptor: RelationalDescriptor(ucab.dsw.entidades.Estudio --&gt; [DatabaseTable(estudio)])

Exception [EclipseLink-48] (Eclipse Persistence Services - 2.6.4.v20160829-44060b6): org.eclipse.persistence.exceptions.DescriptorException
Exception Description: Multiple writable mappings exist for the field [estudio.Id].  Only one may be defined as writable, all others must be specified read-only.
Mapping: org.eclipse.persistence.mappings.ManyToOneMapping[_usuario]
Descriptor: RelationalDescriptor(ucab.dsw.entidades.Estudio --&gt; [DatabaseTable(estudio)])

Exception [EclipseLink-48] (Eclipse Persistence Services - 2.6.4.v20160829-44060b6): org.eclipse.persistence.exceptions.DescriptorException
Exception Description: Multiple writable mappings exist for the field [telefono.Id].  Only one may be defined as writable, all others must be specified read-only.
Mapping: org.eclipse.persistence.mappings.ManyToOneMapping[_informacion]
Descriptor: RelationalDescriptor(ucab.dsw.entidades.Telefono --&gt; [DatabaseTable(telefono)])

Exception [EclipseLink-48] (Eclipse Persistence Services - 2.6.4.v20160829-44060b6): org.eclipse.persistence.exceptions.DescriptorException
Exception Description: Multiple writable mappings exist for the field [subcategoria.Id].  Only one may be defined as writable, all others must be specified read-only.
Mapping: org.eclipse.persistence.mappings.ManyToOneMapping[_categoria]
Descriptor: RelationalDescriptor(ucab.dsw.entidades.Subcategoria --&gt; [DatabaseTable(subcategoria)])

Exception [EclipseLink-48] (Eclipse Persistence Services - 2.6.4.v20160829-44060b6): org.eclipse.persistence.exceptions.DescriptorException
Exception Description: Multiple writable mappings exist for the field [producto.Id].  Only one may be defined as writable, all others must be specified read-only.
Mapping: org.eclipse.persistence.mappings.ManyToOneMapping[_marca]
Descriptor: RelationalDescriptor(ucab.dsw.entidades.Producto --&gt; [DatabaseTable(producto)])

Exception [EclipseLink-48] (Eclipse Persistence Services - 2.6.4.v20160829-44060b6): org.eclipse.persistence.exceptions.DescriptorException
Exception Description: Multiple writable mappings exist for the field [producto.Id].  Only one may be defined as writable, all others must be specified read-only.
Mapping: org.eclipse.persistence.mappings.ManyToOneMapping[_subcategoria]
Descriptor: RelationalDescriptor(ucab.dsw.entidades.Producto --&gt; [DatabaseTable(producto)])

Exception [EclipseLink-48] (Eclipse Persistence Services - 2.6.4.v20160829-44060b6): org.eclipse.persistence.exceptions.DescriptorException
Exception Description: Multiple writable mappings exist for the field [producto.Id].  Only one may be defined as writable, all others must be specified read-only.
Mapping: org.eclipse.persistence.mappings.ManyToOneMapping[_usuario]
Descriptor: RelationalDescriptor(ucab.dsw.entidades.Producto --&gt; [DatabaseTable(producto)])

Exception [EclipseLink-48] (Eclipse Persistence Services - 2.6.4.v20160829-44060b6): org.eclipse.persistence.exceptions.DescriptorException
Exception Description: Multiple writable mappings exist for the field [usuario.Id].  Only one may be defined as writable, all others must be specified read-only.
Mapping: org.eclipse.persistence.mappings.ManyToOneMapping[_rol]
Descriptor: RelationalDescriptor(ucab.dsw.entidades.Usuario --&gt; [DatabaseTable(usuario)])

Exception [EclipseLink-48] (Eclipse Persistence Services - 2.6.4.v20160829-44060b6): org.eclipse.persistence.exceptions.DescriptorException
Exception Description: Multiple writable mappings exist for the field [usuario.Id].  Only one may be defined as writable, all others must be specified read-only.
Mapping: org.eclipse.persistence.mappings.OneToOneMapping[_informacion]
Descriptor: RelationalDescriptor(ucab.dsw.entidades.Usuario --&gt; [DatabaseTable(usuario)])

Runtime Exceptions: 
---------------------------------------------------------

</system-out>
  </testcase>
</testsuite>